#
# There is insufficient memory for the Java Runtime Environment to continue.
# Native memory allocation (malloc) failed to allocate 32744 bytes for ChunkPool::allocate
# Possible reasons:
#   The system is out of physical RAM or swap space
#   In 32 bit mode, the process size limit was hit
# Possible solutions:
#   Reduce memory load on the system
#   Increase physical memory or swap space
#   Check if swap backing store is full
#   Use 64 bit Java on a 64 bit OS
#   Decrease Java heap size (-Xmx/-Xms)
#   Decrease number of Java threads
#   Decrease Java thread stack sizes (-Xss)
#   Set larger code cache with -XX:ReservedCodeCacheSize=
# This output file may be truncated or incomplete.
#
#  Out of Memory Error (allocation.cpp:273), pid=16640, tid=0x0000000000000fa4
#
# JRE version: Java(TM) SE Runtime Environment (8.0_111-b14) (build 1.8.0_111-b14)
# Java VM: Java HotSpot(TM) 64-Bit Server VM (25.111-b14 mixed mode windows-amd64 compressed oops)
# Failed to write core dump. Minidumps are not enabled by default on client versions of Windows
#

---------------  T H R E A D  ---------------

Current thread (0x000000005704a000):  JavaThread "C2 CompilerThread0" daemon [_thread_in_native, id=4004, stack(0x0000000058890000,0x0000000058990000)]

Stack: [0x0000000058890000,0x0000000058990000]
[error occurred during error reporting (printing stack bounds), id 0xc0000005]

Native frames: (J=compiled Java code, j=interpreted, Vv=VM code, C=native code)


Current CompileTask:
C2:  38276 2170   !   4       java.lang.invoke.MemberName::getMethodType (208 bytes)


---------------  P R O C E S S  ---------------

Java Threads: ( => current thread )
  0x0000000059fed000 JavaThread "elasticsearch[_client_][generic][T#4]" daemon [_thread_blocked, id=15900, stack(0x0000000062b30000,0x0000000062c30000)]
  0x0000000059fec800 JavaThread "elasticsearch[_client_][generic][T#3]" daemon [_thread_blocked, id=17988, stack(0x00000000631a0000,0x00000000632a0000)]
  0x0000000059feb800 JavaThread "elasticsearch[_client_][transport_client_boss][T#8]" daemon [_thread_in_native, id=25764, stack(0x0000000063010000,0x0000000063110000)]
  0x0000000059fea800 JavaThread "elasticsearch[_client_][transport_client_boss][T#7]" daemon [_thread_in_native, id=19412, stack(0x0000000062e30000,0x0000000062f30000)]
  0x0000000059fea000 JavaThread "elasticsearch[_client_][transport_client_boss][T#6]" daemon [_thread_in_native, id=19892, stack(0x0000000062580000,0x0000000062680000)]
  0x0000000059fe9000 JavaThread "elasticsearch[_client_][transport_client_boss][T#5]" daemon [_thread_in_native, id=25584, stack(0x0000000062c50000,0x0000000062d50000)]
  0x0000000059fe8800 JavaThread "elasticsearch[_client_][transport_client_boss][T#4]" daemon [_thread_in_native, id=11680, stack(0x00000000629e0000,0x0000000062ae0000)]
  0x0000000059fe7800 JavaThread "elasticsearch[_client_][transport_client_boss][T#3]" daemon [_thread_in_native, id=18340, stack(0x00000000627e0000,0x00000000628e0000)]
  0x0000000059fe7000 JavaThread "elasticsearch[_client_][transport_client_boss][T#2]" daemon [_thread_in_native, id=22088, stack(0x00000000626c0000,0x00000000627c0000)]
  0x0000000059fe6000 JavaThread "elasticsearch[_client_][generic][T#2]" daemon [_thread_blocked, id=12056, stack(0x000000005fdd0000,0x000000005fed0000)]
  0x0000000059fe5800 JavaThread "elasticsearch[_client_][generic][T#1]" daemon [_thread_blocked, id=6484, stack(0x0000000060000000,0x0000000060100000)]
  0x0000000059fe4800 JavaThread "threadDeathWatcher-2-1" daemon [_thread_blocked, id=25240, stack(0x000000005ff00000,0x0000000060000000)]
  0x0000000059fe4000 JavaThread "elasticsearch[_client_][transport_client_boss][T#1]" daemon [_thread_in_native, id=15120, stack(0x000000005c610000,0x000000005c710000)]
  0x0000000059fe2800 JavaThread "elasticsearch[_client_][scheduler][T#1]" daemon [_thread_blocked, id=29924, stack(0x000000005c040000,0x000000005c140000)]
  0x0000000059fe1800 JavaThread "elasticsearch[_client_][[timer]]" daemon [_thread_blocked, id=20608, stack(0x000000005d4e0000,0x000000005d5e0000)]
  0x0000000059fe1000 JavaThread "main-EventThread" daemon [_thread_blocked, id=17264, stack(0x000000005c730000,0x000000005c830000)]
  0x0000000059fe0000 JavaThread "main-SendThread(223.3.80.34:2181)" daemon [_thread_in_native, id=12576, stack(0x000000005c4e0000,0x000000005c5e0000)]
  0x0000000059fdf800 JavaThread "main-EventThread" daemon [_thread_blocked, id=4132, stack(0x000000005c190000,0x000000005c290000)]
  0x0000000059fde800 JavaThread "main-SendThread(223.3.84.42:2181)" daemon [_thread_in_native, id=29392, stack(0x000000005bf00000,0x000000005c000000)]
  0x0000000058168800 JavaThread "Service Thread" daemon [_thread_blocked, id=15276, stack(0x0000000057eb0000,0x0000000057fb0000)]
  0x000000005704c800 JavaThread "C1 CompilerThread2" daemon [_thread_blocked, id=6832, stack(0x0000000058bb0000,0x0000000058cb0000)]
  0x000000005704c000 JavaThread "C2 CompilerThread1" daemon [_thread_blocked, id=14328, stack(0x00000000589a0000,0x0000000058aa0000)]
=>0x000000005704a000 JavaThread "C2 CompilerThread0" daemon [_thread_in_native, id=4004, stack(0x0000000058890000,0x0000000058990000)]
  0x00000000580d3000 JavaThread "Attach Listener" daemon [_thread_blocked, id=9572, stack(0x00000000586c0000,0x00000000587c0000)]
  0x00000000580d2800 JavaThread "Signal Dispatcher" daemon [_thread_blocked, id=13988, stack(0x0000000058570000,0x0000000058670000)]
  0x0000000057030800 JavaThread "Finalizer" daemon [_thread_blocked, id=2552, stack(0x0000000057c20000,0x0000000057d20000)]
  0x0000000056fe9800 JavaThread "Reference Handler" daemon [_thread_blocked, id=24800, stack(0x0000000057fc0000,0x00000000580c0000)]
  0x00000000020bb800 JavaThread "main" [_thread_in_vm, id=11800, stack(0x0000000002350000,0x0000000002450000)]

Other Threads:
  0x0000000056fe2000 VMThread [stack: 0x0000000057d60000,0x0000000057e60000] [id=19052]
  0x00000000581b5800 WatcherThread [stack: 0x0000000058e00000,0x0000000058f00000] [id=14528]

VM state:not at safepoint (normal execution)

VM Mutex/Monitor currently owned by a thread:  ([mutex/lock_event])
[0x00000000020b9100] SystemDictionary_lock - owner thread: 0x0000000000000000

Heap:
 PSYoungGen      total 98304K, used 52825K [0x00000000d7b80000, 0x00000000de700000, 0x0000000100000000)
  eden space 88576K, 59% used [0x00000000d7b80000,0x00000000daf16740,0x00000000dd200000)
  from space 9728K, 0% used [0x00000000ddb80000,0x00000000ddb80000,0x00000000de500000)
  to   space 9728K, 0% used [0x00000000dd200000,0x00000000dd200000,0x00000000ddb80000)
 ParOldGen       total 72704K, used 8698K [0x0000000087200000, 0x000000008b900000, 0x00000000d7b80000)
  object space 72704K, 11% used [0x0000000087200000,0x0000000087a7ea48,0x000000008b900000)
 Metaspace       used 36953K, capacity 38118K, committed 38232K, reserved 1083392K
  class space    used 4742K, capacity 5159K, committed 5248K, reserved 1048576K

Card table byte_map: [0x0000000011810000,0x0000000011be0000] byte_map_base: 0x00000000113d7000

Marking Bits: (ParMarkBitMap*) 0x000000006ee3a6c0
 Begin Bits: [0x0000000012610000, 0x0000000014448000)
 End Bits:   [0x0000000014448000, 0x0000000016280000)

Polling page: 0x0000000000230000

CodeCache: size=245760Kb used=7269Kb max_used=7597Kb free=238490Kb
 bounds [0x0000000002450000, 0x0000000002bc0000, 0x0000000011450000]
 total_blobs=2640 nmethods=2066 adapters=486
 compilation: enabled

Compilation events (10 events):
Event: 34.233 Thread 0x000000005704c800 nmethod 2165 0x00000000025540d0 code [0x0000000002554240, 0x00000000025543f0]
Event: 34.234 Thread 0x000000005704c800 2166       3       io.netty.util.concurrent.SingleThreadEventExecutor::runAllTasks (96 bytes)
Event: 34.236 Thread 0x000000005704c800 nmethod 2166 0x0000000002632010 code [0x0000000002632240, 0x0000000002632e28]
Event: 34.236 Thread 0x000000005704c800 2167       3       io.netty.util.concurrent.SingleThreadEventExecutor::fetchFromScheduledTaskQueue (54 bytes)
Event: 34.238 Thread 0x000000005704c800 nmethod 2167 0x00000000025a1f10 code [0x00000000025a2100, 0x00000000025a2a48]
Event: 34.238 Thread 0x000000005704c800 2168       3       io.netty.util.concurrent.AbstractScheduledEventExecutor::pollScheduledTask (74 bytes)
Event: 34.239 Thread 0x000000005704c800 nmethod 2168 0x0000000002643310 code [0x00000000026434c0, 0x0000000002643a78]
Event: 34.239 Thread 0x000000005704c800 2169       3       sun.nio.ch.Util$3::isEmpty (10 bytes)
Event: 34.239 Thread 0x000000005704c800 nmethod 2169 0x00000000025d4dd0 code [0x00000000025d4f40, 0x00000000025d5168]
Event: 38.251 Thread 0x000000005704a000 2170   !   4       java.lang.invoke.MemberName::getMethodType (208 bytes)

GC Heap History (10 events):
Event: 4.694 GC heap before
{Heap before GC invocations=6 (full 1):
 PSYoungGen      total 36352K, used 31232K [0x00000000d7b80000, 0x00000000dc280000, 0x0000000100000000)
  eden space 31232K, 100% used [0x00000000d7b80000,0x00000000d9a00000,0x00000000d9a00000)
  from space 5120K, 0% used [0x00000000d9f00000,0x00000000d9f00000,0x00000000da400000)
  to   space 5120K, 0% used [0x00000000d9a00000,0x00000000d9a00000,0x00000000d9f00000)
 ParOldGen       total 49664K, used 5204K [0x0000000087200000, 0x000000008a280000, 0x00000000d7b80000)
  object space 49664K, 10% used [0x0000000087200000,0x0000000087715000,0x000000008a280000)
 Metaspace       used 24299K, capacity 24790K, committed 24832K, reserved 1071104K
  class space    used 2922K, capacity 3071K, committed 3072K, reserved 1048576K
Event: 4.705 GC heap after
Heap after GC invocations=6 (full 1):
 PSYoungGen      total 36352K, used 3096K [0x00000000d7b80000, 0x00000000dc180000, 0x0000000100000000)
  eden space 31232K, 0% used [0x00000000d7b80000,0x00000000d7b80000,0x00000000d9a00000)
  from space 5120K, 60% used [0x00000000d9a00000,0x00000000d9d060d0,0x00000000d9f00000)
  to   space 9216K, 0% used [0x00000000db880000,0x00000000db880000,0x00000000dc180000)
 ParOldGen       total 49664K, used 5212K [0x0000000087200000, 0x000000008a280000, 0x00000000d7b80000)
  object space 49664K, 10% used [0x0000000087200000,0x0000000087717000,0x000000008a280000)
 Metaspace       used 24299K, capacity 24790K, committed 24832K, reserved 1071104K
  class space    used 2922K, capacity 3071K, committed 3072K, reserved 1048576K
}
Event: 5.461 GC heap before
{Heap before GC invocations=7 (full 1):
 PSYoungGen      total 36352K, used 34328K [0x00000000d7b80000, 0x00000000dc180000, 0x0000000100000000)
  eden space 31232K, 100% used [0x00000000d7b80000,0x00000000d9a00000,0x00000000d9a00000)
  from space 5120K, 60% used [0x00000000d9a00000,0x00000000d9d060d0,0x00000000d9f00000)
  to   space 9216K, 0% used [0x00000000db880000,0x00000000db880000,0x00000000dc180000)
 ParOldGen       total 49664K, used 5212K [0x0000000087200000, 0x000000008a280000, 0x00000000d7b80000)
  object space 49664K, 10% used [0x0000000087200000,0x0000000087717000,0x000000008a280000)
 Metaspace       used 28126K, capacity 28834K, committed 29056K, reserved 1075200K
  class space    used 3395K, capacity 3651K, committed 3712K, reserved 1048576K
Event: 5.482 GC heap after
Heap after GC invocations=7 (full 1):
 PSYoungGen      total 61440K, used 5246K [0x00000000d7b80000, 0x00000000dc080000, 0x0000000100000000)
  eden space 53248K, 0% used [0x00000000d7b80000,0x00000000d7b80000,0x00000000daf80000)
  from space 8192K, 64% used [0x00000000db880000,0x00000000dbd9fb80,0x00000000dc080000)
  to   space 8704K, 0% used [0x00000000daf80000,0x00000000daf80000,0x00000000db800000)
 ParOldGen       total 49664K, used 5220K [0x0000000087200000, 0x000000008a280000, 0x00000000d7b80000)
  object space 49664K, 10% used [0x0000000087200000,0x0000000087719000,0x000000008a280000)
 Metaspace       used 28126K, capacity 28834K, committed 29056K, reserved 1075200K
  class space    used 3395K, capacity 3651K, committed 3712K, reserved 1048576K
}
Event: 6.739 GC heap before
{Heap before GC invocations=8 (full 1):
 PSYoungGen      total 61440K, used 58494K [0x00000000d7b80000, 0x00000000dc080000, 0x0000000100000000)
  eden space 53248K, 100% used [0x00000000d7b80000,0x00000000daf80000,0x00000000daf80000)
  from space 8192K, 64% used [0x00000000db880000,0x00000000dbd9fb80,0x00000000dc080000)
  to   space 8704K, 0% used [0x00000000daf80000,0x00000000daf80000,0x00000000db800000)
 ParOldGen       total 49664K, used 5220K [0x0000000087200000, 0x000000008a280000, 0x00000000d7b80000)
  object space 49664K, 10% used [0x0000000087200000,0x0000000087719000,0x000000008a280000)
 Metaspace       used 32751K, capacity 33740K, committed 34048K, reserved 1079296K
  class space    used 4109K, capacity 4482K, committed 4608K, reserved 1048576K
Event: 6.748 GC heap after
Heap after GC invocations=8 (full 1):
 PSYoungGen      total 61952K, used 8134K [0x00000000d7b80000, 0x00000000de500000, 0x0000000100000000)
  eden space 53248K, 0% used [0x00000000d7b80000,0x00000000d7b80000,0x00000000daf80000)
  from space 8704K, 93% used [0x00000000daf80000,0x00000000db771b60,0x00000000db800000)
  to   space 9728K, 0% used [0x00000000ddb80000,0x00000000ddb80000,0x00000000de500000)
 ParOldGen       total 49664K, used 5228K [0x0000000087200000, 0x000000008a280000, 0x00000000d7b80000)
  object space 49664K, 10% used [0x0000000087200000,0x000000008771b000,0x000000008a280000)
 Metaspace       used 32751K, capacity 33740K, committed 34048K, reserved 1079296K
  class space    used 4109K, capacity 4482K, committed 4608K, reserved 1048576K
}
Event: 6.986 GC heap before
{Heap before GC invocations=9 (full 1):
 PSYoungGen      total 61952K, used 27107K [0x00000000d7b80000, 0x00000000de500000, 0x0000000100000000)
  eden space 53248K, 35% used [0x00000000d7b80000,0x00000000d8e07380,0x00000000daf80000)
  from space 8704K, 93% used [0x00000000daf80000,0x00000000db771b60,0x00000000db800000)
  to   space 9728K, 0% used [0x00000000ddb80000,0x00000000ddb80000,0x00000000de500000)
 ParOldGen       total 49664K, used 5228K [0x0000000087200000, 0x000000008a280000, 0x00000000d7b80000)
  object space 49664K, 10% used [0x0000000087200000,0x000000008771b000,0x000000008a280000)
 Metaspace       used 34384K, capacity 35346K, committed 35416K, reserved 1079296K
  class space    used 4363K, capacity 4717K, committed 4736K, reserved 1048576K
Event: 6.995 GC heap after
Heap after GC invocations=9 (full 1):
 PSYoungGen      total 98304K, used 4512K [0x00000000d7b80000, 0x00000000de700000, 0x0000000100000000)
  eden space 88576K, 0% used [0x00000000d7b80000,0x00000000d7b80000,0x00000000dd200000)
  from space 9728K, 46% used [0x00000000ddb80000,0x00000000ddfe8088,0x00000000de500000)
  to   space 9728K, 0% used [0x00000000dd200000,0x00000000dd200000,0x00000000ddb80000)
 ParOldGen       total 49664K, used 5236K [0x0000000087200000, 0x000000008a280000, 0x00000000d7b80000)
  object space 49664K, 10% used [0x0000000087200000,0x000000008771d000,0x000000008a280000)
 Metaspace       used 34384K, capacity 35346K, committed 35416K, reserved 1079296K
  class space    used 4363K, capacity 4717K, committed 4736K, reserved 1048576K
}
Event: 6.995 GC heap before
{Heap before GC invocations=10 (full 2):
 PSYoungGen      total 98304K, used 4512K [0x00000000d7b80000, 0x00000000de700000, 0x0000000100000000)
  eden space 88576K, 0% used [0x00000000d7b80000,0x00000000d7b80000,0x00000000dd200000)
  from space 9728K, 46% used [0x00000000ddb80000,0x00000000ddfe8088,0x00000000de500000)
  to   space 9728K, 0% used [0x00000000dd200000,0x00000000dd200000,0x00000000ddb80000)
 ParOldGen       total 49664K, used 5236K [0x0000000087200000, 0x000000008a280000, 0x00000000d7b80000)
  object space 49664K, 10% used [0x0000000087200000,0x000000008771d000,0x000000008a280000)
 Metaspace       used 34384K, capacity 35346K, committed 35416K, reserved 1079296K
  class space    used 4363K, capacity 4717K, committed 4736K, reserved 1048576K
Event: 7.091 GC heap after
Heap after GC invocations=10 (full 2):
 PSYoungGen      total 98304K, used 0K [0x00000000d7b80000, 0x00000000de700000, 0x0000000100000000)
  eden space 88576K, 0% used [0x00000000d7b80000,0x00000000d7b80000,0x00000000dd200000)
  from space 9728K, 0% used [0x00000000ddb80000,0x00000000ddb80000,0x00000000de500000)
  to   space 9728K, 0% used [0x00000000dd200000,0x00000000dd200000,0x00000000ddb80000)
 ParOldGen       total 72704K, used 8698K [0x0000000087200000, 0x000000008b900000, 0x00000000d7b80000)
  object space 72704K, 11% used [0x0000000087200000,0x0000000087a7ea48,0x000000008b900000)
 Metaspace       used 34384K, capacity 35346K, committed 35416K, reserved 1079296K
  class space    used 4363K, capacity 4717K, committed 4736K, reserved 1048576K
}

Deoptimization events (10 events):
Event: 3.038 Thread 0x0000000059fe3000 Uncommon trap: reason=unstable_if action=reinterpret pc=0x00000000028daac8 method=com.google.protobuf.CodedInputStream.readRawVarint32()I @ 22
Event: 3.226 Thread 0x00000000020bb800 Uncommon trap: reason=unstable_if action=reinterpret pc=0x0000000002788ba0 method=java.util.HashMap.hash(Ljava/lang/Object;)I @ 1
Event: 3.226 Thread 0x00000000020bb800 Uncommon trap: reason=unstable_if action=reinterpret pc=0x0000000002737d24 method=java.util.HashMap.hash(Ljava/lang/Object;)I @ 1
Event: 4.065 Thread 0x00000000020bb800 Uncommon trap: reason=unstable_if action=reinterpret pc=0x0000000002937dfc method=java.util.concurrent.ConcurrentHashMap.putVal(Ljava/lang/Object;Ljava/lang/Object;Z)Ljava/lang/Object; @ 181
Event: 4.421 Thread 0x00000000020bb800 Uncommon trap: reason=range_check action=make_not_entrant pc=0x0000000002971750 method=sun.reflect.generics.parser.SignatureParser.current()C @ 34
Event: 5.193 Thread 0x00000000020bb800 Uncommon trap: reason=unstable_if action=reinterpret pc=0x0000000002a37764 method=jdk.internal.org.objectweb.asm.Type.getArgumentsAndReturnSizes(Ljava/lang/String;)I @ 41
Event: 6.778 Thread 0x00000000020bb800 Uncommon trap: reason=unstable_if action=reinterpret pc=0x0000000002ae587c method=jdk.internal.org.objectweb.asm.Item.isEqualTo(Ljdk/internal/org/objectweb/asm/Item;)Z @ 331
Event: 6.839 Thread 0x00000000020bb800 Uncommon trap: reason=class_check action=maybe_recompile pc=0x000000000278c390 method=java.util.HashMap.putVal(ILjava/lang/Object;Ljava/lang/Object;ZZ)Ljava/lang/Object; @ 203
Event: 6.844 Thread 0x00000000020bb800 Uncommon trap: reason=class_check action=maybe_recompile pc=0x000000000278c390 method=java.util.HashMap.putVal(ILjava/lang/Object;Ljava/lang/Object;ZZ)Ljava/lang/Object; @ 203
Event: 6.850 Thread 0x00000000020bb800 Uncommon trap: reason=class_check action=maybe_recompile pc=0x000000000278c390 method=java.util.HashMap.putVal(ILjava/lang/Object;Ljava/lang/Object;ZZ)Ljava/lang/Object; @ 203

Internal exceptions (10 events):
Event: 5.298 Thread 0x00000000020bb800 Exception <a 'java/lang/IncompatibleClassChangeError': Found class java.lang.Object, but interface was expected> (0x00000000d92ba3d8) thrown at [C:\re\workspace\8-2-build-windows-amd64-cygwin\jdk8u111\7883\hotspot\src\share\vm\interpreter\linkResolver.cpp
Event: 5.317 Thread 0x00000000020bb800 Exception <a 'java/lang/IncompatibleClassChangeError': Found class java.lang.Object, but interface was expected> (0x00000000d9359de8) thrown at [C:\re\workspace\8-2-build-windows-amd64-cygwin\jdk8u111\7883\hotspot\src\share\vm\interpreter\linkResolver.cpp
Event: 5.365 Thread 0x00000000020bb800 Exception <a 'java/lang/IncompatibleClassChangeError': Found class java.lang.Object, but interface was expected> (0x00000000d95d3e80) thrown at [C:\re\workspace\8-2-build-windows-amd64-cygwin\jdk8u111\7883\hotspot\src\share\vm\interpreter\linkResolver.cpp
Event: 5.550 Thread 0x00000000020bb800 Exception <a 'java/lang/IncompatibleClassChangeError': Found class java.lang.Object, but interface was expected> (0x00000000d7e61948) thrown at [C:\re\workspace\8-2-build-windows-amd64-cygwin\jdk8u111\7883\hotspot\src\share\vm\interpreter\linkResolver.cpp
Event: 5.614 Thread 0x00000000020bb800 Exception <a 'java/lang/IncompatibleClassChangeError': Found class java.lang.Object, but interface was expected> (0x00000000d81c1508) thrown at [C:\re\workspace\8-2-build-windows-amd64-cygwin\jdk8u111\7883\hotspot\src\share\vm\interpreter\linkResolver.cpp
Event: 5.635 Thread 0x00000000020bb800 Exception <a 'java/lang/IncompatibleClassChangeError': Found class java.lang.Object, but interface was expected> (0x00000000d829c998) thrown at [C:\re\workspace\8-2-build-windows-amd64-cygwin\jdk8u111\7883\hotspot\src\share\vm\interpreter\linkResolver.cpp
Event: 6.337 Thread 0x00000000020bb800 Exception <a 'java/lang/IncompatibleClassChangeError': Found class java.lang.Object, but interface was expected> (0x00000000d9292e00) thrown at [C:\re\workspace\8-2-build-windows-amd64-cygwin\jdk8u111\7883\hotspot\src\share\vm\interpreter\linkResolver.cpp
Event: 6.427 Thread 0x00000000020bb800 Exception <a 'java/lang/IncompatibleClassChangeError': Found class java.lang.Object, but interface was expected> (0x00000000d96cb160) thrown at [C:\re\workspace\8-2-build-windows-amd64-cygwin\jdk8u111\7883\hotspot\src\share\vm\interpreter\linkResolver.cpp
Event: 6.440 Thread 0x00000000020bb800 Exception <a 'java/lang/IncompatibleClassChangeError': Found class java.lang.Object, but interface was expected> (0x00000000d978f2e0) thrown at [C:\re\workspace\8-2-build-windows-amd64-cygwin\jdk8u111\7883\hotspot\src\share\vm\interpreter\linkResolver.cpp
Event: 8.233 Thread 0x0000000059fe7000 Exception <a 'java/lang/OutOfMemoryError'> (0x00000000da39cb00) thrown at [C:\re\workspace\8-2-build-windows-amd64-cygwin\jdk8u111\7883\hotspot\src\share\vm\prims\unsafe.cpp, line 634]

Events (10 events):
Event: 38.252 Executing VM operation: RevokeBias
Event: 38.252 Executing VM operation: RevokeBias done
Event: 38.252 loading class org/elasticsearch/common/io/stream/StreamInput
Event: 38.252 loading class org/elasticsearch/common/io/stream/StreamInput done
Event: 38.252 loading class org/elasticsearch/common/CheckedFunction
Event: 38.252 loading class org/elasticsearch/common/CheckedFunction done
Event: 38.252 loading class org/elasticsearch/action/search/ReduceSearchPhaseException
Event: 38.252 loading class org/elasticsearch/action/search/ReduceSearchPhaseException done
Event: 38.253 loading class org/elasticsearch/action/search/SearchPhaseExecutionException
Event: 38.253 loading class org/elasticsearch/action/search/SearchPhaseExecutionException done


Dynamic libraries:
0x000000013fa30000 - 0x000000013fa67000 	D:\java8_jre\bin\javaw.exe
0x0000000076d20000 - 0x0000000076eca000 	C:\Windows\SYSTEM32\ntdll.dll
0x0000000076b00000 - 0x0000000076c1f000 	C:\Windows\system32\kernel32.dll
0x000007fefcd10000 - 0x000007fefcd7a000 	C:\Windows\system32\KERNELBASE.dll
0x000007fefd390000 - 0x000007fefd46b000 	C:\Windows\system32\ADVAPI32.dll
0x000007fefd470000 - 0x000007fefd50f000 	C:\Windows\system32\msvcrt.dll
0x000007fefd510000 - 0x000007fefd52f000 	C:\Windows\SYSTEM32\sechost.dll
0x000007fefe930000 - 0x000007fefea5d000 	C:\Windows\system32\RPCRT4.dll
0x0000000076c20000 - 0x0000000076d1a000 	C:\Windows\system32\USER32.dll
0x000007fefefc0000 - 0x000007feff027000 	C:\Windows\system32\GDI32.dll
0x000007fefd270000 - 0x000007fefd27e000 	C:\Windows\system32\LPK.dll
0x000007fefeef0000 - 0x000007fefefba000 	C:\Windows\system32\USP10.dll
0x000007fefb420000 - 0x000007fefb614000 	C:\Windows\WinSxS\amd64_microsoft.windows.common-controls_6595b64144ccf1df_6.0.7601.18837_none_fa3b1e3d17594757\COMCTL32.dll
0x000007fefd530000 - 0x000007fefd5a1000 	C:\Windows\system32\SHLWAPI.dll
0x000007fefd030000 - 0x000007fefd05e000 	C:\Windows\system32\IMM32.DLL
0x000007fefd280000 - 0x000007fefd389000 	C:\Windows\system32\MSCTF.dll
0x00000000732c0000 - 0x0000000073392000 	D:\java8_jre\bin\msvcr100.dll
0x000000006e620000 - 0x000000006eeba000 	D:\java8_jre\bin\server\jvm.dll
0x000007fefb3e0000 - 0x000007fefb3e9000 	C:\Windows\system32\WSOCK32.dll
0x000007fefd060000 - 0x000007fefd0ad000 	C:\Windows\system32\WS2_32.dll
0x000007fefd790000 - 0x000007fefd798000 	C:\Windows\system32\NSI.dll
0x000007fef9800000 - 0x000007fef983b000 	C:\Windows\system32\WINMM.dll
0x000007fefbd40000 - 0x000007fefbd4c000 	C:\Windows\system32\VERSION.dll
0x0000000076ee0000 - 0x0000000076ee7000 	C:\Windows\system32\PSAPI.DLL
0x0000000072920000 - 0x000000007292f000 	D:\java8_jre\bin\verify.dll
0x000000006e5f0000 - 0x000000006e619000 	D:\java8_jre\bin\java.dll
0x0000000071b30000 - 0x0000000071b46000 	D:\java8_jre\bin\zip.dll
0x000007fefd990000 - 0x000007fefe719000 	C:\Windows\system32\SHELL32.dll
0x000007fefe720000 - 0x000007fefe923000 	C:\Windows\system32\ole32.dll
0x000007fefcc20000 - 0x000007fefcc2f000 	C:\Windows\system32\profapi.dll
0x00000000732b0000 - 0x00000000732bd000 	D:\java8_jre\bin\management.dll
0x00000000732a0000 - 0x00000000732a9000 	D:\java8_jre\bin\w2k_lsa_auth.dll
0x000007fefc780000 - 0x000007fefc78b000 	C:\Windows\system32\Secur32.dll
0x000007fefc910000 - 0x000007fefc935000 	C:\Windows\system32\SSPICLI.DLL
0x0000000073290000 - 0x0000000073299000 	D:\java8_jre\bin\jaas_nt.dll
0x0000000071a70000 - 0x0000000071a8a000 	D:\java8_jre\bin\net.dll
0x000007fefc470000 - 0x000007fefc4c5000 	C:\Windows\system32\mswsock.dll
0x000007fefc3b0000 - 0x000007fefc3b7000 	C:\Windows\System32\wship6.dll
0x000007fefab70000 - 0x000007fefab97000 	C:\Windows\system32\IPHLPAPI.DLL
0x000007fefab60000 - 0x000007fefab6b000 	C:\Windows\system32\WINNSI.DLL
0x000007fefa970000 - 0x000007fefa981000 	C:\Windows\system32\dhcpcsvc6.DLL
0x000007fefa950000 - 0x000007fefa968000 	C:\Windows\system32\dhcpcsvc.DLL
0x000007fef9450000 - 0x000007fef9466000 	C:\Windows\system32\Elkns.dll
0x000007fefb250000 - 0x000007fefb265000 	C:\Windows\system32\NLAapi.dll
0x000007fee9b10000 - 0x000007fee9b25000 	C:\Windows\system32\napinsp.dll
0x000007fee9af0000 - 0x000007fee9b09000 	C:\Windows\system32\pnrpnsp.dll
0x000007feebf80000 - 0x000007feebf90000 	C:\Windows\system32\wshbth.dll
0x000007fefc350000 - 0x000007fefc3ab000 	C:\Windows\system32\DNSAPI.dll
0x000007fee99f0000 - 0x000007fee99fb000 	C:\Windows\System32\winrnr.dll
0x000007fefbe30000 - 0x000007fefbe37000 	C:\Windows\System32\wshtcpip.dll
0x000007fef9430000 - 0x000007fef9438000 	C:\Windows\system32\rasadhlp.dll
0x000007fefa9e0000 - 0x000007fefaa33000 	C:\Windows\System32\fwpuclnt.dll
0x000000006e5d0000 - 0x000000006e5e1000 	D:\java8_jre\bin\nio.dll
0x000007fefc630000 - 0x000007fefc647000 	C:\Windows\system32\CRYPTSP.dll
0x000007fefc1b0000 - 0x000007fefc1f7000 	C:\Windows\system32\rsaenh.dll
0x000007fefbf50000 - 0x000007fefbf6e000 	C:\Windows\system32\USERENV.dll
0x000007fefcb50000 - 0x000007fefcb5f000 	C:\Windows\system32\CRYPTBASE.dll

VM Arguments:
jvm_args: -Dfile.encoding=UTF-8 
java_command: com.db.seu.ElasticSearch.TestElastiSearch
java_class_path (initial): D:\workspace\ElasticSearch\target\classes;C:\Users\Think\.m2\repository\org\apache\hbase\hbase-server\0.98.2-hadoop2\hbase-server-0.98.2-hadoop2.jar;C:\Users\Think\.m2\repository\org\apache\hbase\hbase-client\0.98.22-hadoop2\hbase-client-0.98.22-hadoop2.jar;C:\Users\Think\.m2\repository\org\apache\hbase\hbase-annotations\0.98.22-hadoop2\hbase-annotations-0.98.22-hadoop2.jar;C:\Users\Think\.m2\repository\com\github\stephenc\findbugs\findbugs-annotations\1.3.9-1\findbugs-annotations-1.3.9-1.jar;C:\Users\Think\.m2\repository\log4j\log4j\1.2.17\log4j-1.2.17.jar;C:\Users\Think\.m2\repository\org\apache\hbase\hbase-common\0.98.22-hadoop2\hbase-common-0.98.22-hadoop2.jar;C:\Users\Think\.m2\repository\commons-collections\commons-collections\3.2.2\commons-collections-3.2.2.jar;C:\Users\Think\.m2\repository\org\mortbay\jetty\jetty-util\6.1.26\jetty-util-6.1.26.jar;C:\Users\Think\.m2\repository\org\apache\hbase\hbase-protocol\0.98.22-hadoop2\hbase-protocol-0.98.22-hadoop2.jar;C:\Users\Think\.m2\repository\commons-codec\commons-codec\1.7\commons-codec-1.7.jar;C:\Users\Think\.m2\repository\commons-io\commons-io\2.4\commons-io-2.4.jar;C:\Users\Think\.m2\repository\commons-lang\commons-lang\2.6\commons-lang-2.6.jar;C:\Users\Think\.m2\repository\commons-logging\commons-logging\1.1.1\commons-logging-1.1.1.jar;C:\Users\Think\.m2\repository\com\google\guava\guava\12.0.1\guava-12.0.1.jar;C:\Users\Think\.m2\repository\com\google\protobuf\protobuf-java\2.5.0\protobuf-java-2.5.0.jar;C:\Users\Think\.m2\repository\io\netty\netty\3.6.6.Final\netty-3.6.6.Final.jar;C:\Users\Think\.m2\repository\org\apache\zookeeper\zookeeper\3.4.6\zookeeper-3.4.6.jar;C:\Users\Think\.m2\repository\org\slf4j\slf4j-api\1.6.1\slf4j-api-1.6.1.jar;C:\Users\Think\.m2\repository\org\slf4j\slf4j-log4j12\1.6.1\slf4j-log4j12-1.6.1.jar;C:\Users\Think\.m2\repository\org\cloudera\htrace\htrace-core\2.04\htrace-core-2.04.jar;C:\Users\Think\.m2\repository\org\codehaus\jackson\jackson-mapper-asl\1.
Launcher Type: SUN_STANDARD

Environment Variables:
JAVA_HOME=D:\java8_jdk
CLASSPATH=.;D:\java8_jdk\lib;D:\java8_jdk\lib\tools.jar;E:\java\tomcat\apache-tomcat-6.0.43\lib;E:\java\tomcat\apache-tomcat-6.0.43\bin .;D:\java_jdk\antlr-4.5.3-complete.jar;D:\apache-ant-1.10.1\lib;
PATH=D:/java8_jre/bin/server;D:/java8_jre/bin;D:/java8_jre/lib/amd64;C:\ProgramData\Oracle\Java\javapath;C:\Program Files (x86)\Intel\iCLS Client\;C:\Program Files\Intel\iCLS Client\;C:\Windows\system32;C:\Windows;C:\Windows\System32\Wbem;C:\Windows\System32\WindowsPowerShell\v1.0\;C:\Program Files\Intel\Intel(R) Management Engine Components\DAL;C:\Program Files\Intel\Intel(R) Management Engine Components\IPT;C:\Program Files (x86)\Intel\Intel(R) Management Engine Components\DAL;C:\Program Files (x86)\Intel\Intel(R) Management Engine Components\IPT;C:\Program Files (x86)\Intel\OpenCL SDK\2.0\bin\x86;C:\Program Files (x86)\Intel\OpenCL SDK\2.0\bin\x64;;E:\mysql\bin;D:\java8_jdk\bin;D:\java8_jdk\jre\bin;E:\Drive\AMD\ATI.ACE\Core-Static;C:\Program Files\Microsoft\Web Platform Installer\;C:\Program Files (x86)\Microsoft ASP.NET\ASP.NET Web Pages\v1.0\;C:\Program Files\Microsoft SQL Server\110\Tools\Binn\;C:\Program Files (x86)\ATI Technologies\ATI.ACE\Core-Static; D:\java8_jdk\bin;D:\java8_jdk\jre\bin;C:\Program Files (x86)\Microsoft SQL Server\100\Tools\Binn\;C:\Program Files\Microsoft SQL Server\100\Tools\Binn\;C:\Program Files\Microsoft SQL Server\100\DTS\Binn\;D:\QuickTime\QTSystem\;D:\java8_jdk\bin;D:\Git\cmd;D:\hugo;C:\Windows\System32;D:\java8_jdk\bin;D:\java8_jdk\jre\bin;D:\apache-maven-3.3.9\bin;E:\protobuf\protobuf-master\src;E:\skype\Phone\;D:\apache-ant-1.10.1\bin;D:\apache-maven-3.3.9\bin;D:\eclipse-java-neon-R-win32-x86_64\eclipse;
USERNAME=Think
OS=Windows_NT
PROCESSOR_IDENTIFIER=Intel64 Family 6 Model 58 Stepping 9, GenuineIntel



---------------  S Y S T E M  ---------------

OS: Windows 7 , 64 bit Build 7601 (6.1.7601.23677)

CPU:total 4 (2 cores per cpu, 2 threads per core) family 6 model 58 stepping 9, cmov, cx8, fxsr, mmx, sse, sse2, sse3, ssse3, sse4.1, sse4.2, popcnt, avx, aes, clmul, erms, ht, tsc, tscinvbit, tscinv

Memory: 4k page, physical 7916292k(866312k free), swap 9891488k(4628k free)

vm_info: Java HotSpot(TM) 64-Bit Server VM (25.111-b14) for windows-amd64 JRE (1.8.0_111-b14), built on Sep 22 2016 19:24:05 by "java_re" with MS VC++ 10.0 (VS2010)

time: Wed Aug 02 14:19:50 2017
elapsed time: 38 seconds (0d 0h 0m 38s)

