#
# There is insufficient memory for the Java Runtime Environment to continue.
# Native memory allocation (malloc) failed to allocate 262160 bytes for Chunk::new
# Possible reasons:
#   The system is out of physical RAM or swap space
#   In 32 bit mode, the process size limit was hit
# Possible solutions:
#   Reduce memory load on the system
#   Increase physical memory or swap space
#   Check if swap backing store is full
#   Use 64 bit Java on a 64 bit OS
#   Decrease Java heap size (-Xmx/-Xms)
#   Decrease number of Java threads
#   Decrease Java thread stack sizes (-Xss)
#   Set larger code cache with -XX:ReservedCodeCacheSize=
# This output file may be truncated or incomplete.
#
#  Out of Memory Error (allocation.cpp:390), pid=30252, tid=0x00000000000061ac
#
# JRE version: Java(TM) SE Runtime Environment (8.0_111-b14) (build 1.8.0_111-b14)
# Java VM: Java HotSpot(TM) 64-Bit Server VM (25.111-b14 mixed mode windows-amd64 compressed oops)
# Failed to write core dump. Minidumps are not enabled by default on client versions of Windows
#

---------------  T H R E A D  ---------------

Current thread (0x000000005843a000):  JavaThread "C2 CompilerThread0" daemon [_thread_in_native, id=25004, stack(0x0000000057f90000,0x0000000058090000)]

Stack: [0x0000000057f90000,0x0000000058090000]
[error occurred during error reporting (printing stack bounds), id 0xc0000005]

Native frames: (J=compiled Java code, j=interpreted, Vv=VM code, C=native code)


Current CompileTask:
C2:   5857 1998   !   4       java.net.URLClassLoader$1::run (63 bytes)


---------------  P R O C E S S  ---------------

Java Threads: ( => current thread )
  0x0000000059a93800 JavaThread "elasticsearch[_client_][[timer]]" daemon [_thread_blocked, id=18352, stack(0x0000000058ff0000,0x00000000590f0000)]
  0x0000000059a95000 JavaThread "IPC Client (107241811) connection to ubuntu3/223.3.80.34:60020 from Think" daemon [_thread_blocked, id=23768, stack(0x000000005d010000,0x000000005d110000)]
  0x0000000059a92800 JavaThread "main-EventThread" daemon [_thread_blocked, id=11468, stack(0x000000005ca20000,0x000000005cb20000)]
  0x0000000059a92000 JavaThread "main-SendThread(223.3.84.42:2181)" daemon [_thread_in_native, id=15300, stack(0x000000005c8b0000,0x000000005c9b0000)]
  0x0000000059a91000 JavaThread "main-EventThread" daemon [_thread_blocked, id=18288, stack(0x000000005c490000,0x000000005c590000)]
  0x0000000059a90800 JavaThread "main-SendThread(223.3.84.42:2181)" daemon [_thread_in_native, id=23724, stack(0x000000005bc10000,0x000000005bd10000)]
  0x00000000584ca000 JavaThread "Service Thread" daemon [_thread_blocked, id=29980, stack(0x0000000058ef0000,0x0000000058ff0000)]
  0x0000000058456000 JavaThread "C1 CompilerThread2" daemon [_thread_blocked, id=22268, stack(0x0000000058c90000,0x0000000058d90000)]
  0x0000000058452800 JavaThread "C2 CompilerThread1" daemon [_thread_in_native, id=22688, stack(0x0000000058b10000,0x0000000058c10000)]
=>0x000000005843a000 JavaThread "C2 CompilerThread0" daemon [_thread_in_native, id=25004, stack(0x0000000057f90000,0x0000000058090000)]
  0x0000000058436000 JavaThread "Attach Listener" daemon [_thread_blocked, id=29584, stack(0x0000000058a10000,0x0000000058b10000)]
  0x0000000058435000 JavaThread "Signal Dispatcher" daemon [_thread_blocked, id=16736, stack(0x0000000058840000,0x0000000058940000)]
  0x00000000570e0800 JavaThread "Finalizer" daemon [_thread_blocked, id=22752, stack(0x0000000058320000,0x0000000058420000)]
  0x0000000057099800 JavaThread "Reference Handler" daemon [_thread_blocked, id=872, stack(0x0000000058220000,0x0000000058320000)]
  0x00000000020ab800 JavaThread "main" [_thread_in_vm, id=23740, stack(0x00000000024e0000,0x00000000025e0000)]

Other Threads:
  0x0000000057092000 VMThread [stack: 0x00000000580b0000,0x00000000581b0000] [id=30056]
  0x0000000058551800 WatcherThread [stack: 0x0000000059120000,0x0000000059220000] [id=12932]

VM state:not at safepoint (normal execution)

VM Mutex/Monitor currently owned by a thread: None

Heap:
 PSYoungGen      total 57856K, used 50430K [0x00000000d7b80000, 0x00000000dbe00000, 0x0000000100000000)
  eden space 50688K, 89% used [0x00000000d7b80000,0x00000000da7923a8,0x00000000dad00000)
  from space 7168K, 73% used [0x00000000db700000,0x00000000dbc2d768,0x00000000dbe00000)
  to   space 8704K, 0% used [0x00000000dad00000,0x00000000dad00000,0x00000000db580000)
 ParOldGen       total 49664K, used 5236K [0x0000000087200000, 0x000000008a280000, 0x00000000d7b80000)
  object space 49664K, 10% used [0x0000000087200000,0x000000008771d008,0x000000008a280000)
 Metaspace       used 32063K, capacity 33024K, committed 33152K, reserved 1077248K
  class space    used 4013K, capacity 4400K, committed 4480K, reserved 1048576K

Card table byte_map: [0x00000000119a0000,0x0000000011d70000] byte_map_base: 0x0000000011567000

Marking Bits: (ParMarkBitMap*) 0x000000006ee3a6c0
 Begin Bits: [0x00000000126c0000, 0x00000000144f8000)
 End Bits:   [0x00000000144f8000, 0x0000000016330000)

Polling page: 0x0000000000330000

CodeCache: size=245760Kb used=7068Kb max_used=7079Kb free=238691Kb
 bounds [0x00000000025e0000, 0x0000000002cd0000, 0x00000000115e0000]
 total_blobs=2551 nmethods=1996 adapters=467
 compilation: enabled

Compilation events (10 events):
Event: 5.678 Thread 0x0000000058456000 nmethod 1993 0x0000000002cc70d0 code [0x0000000002cc7280, 0x0000000002cc7898]
Event: 5.687 Thread 0x0000000058456000 1994       3       org.elasticsearch.common.io.stream.NamedWriteableRegistry$$Lambda$612/2095970915::compare (12 bytes)
Event: 5.687 Thread 0x0000000058456000 nmethod 1994 0x0000000002cc7d90 code [0x0000000002cc7f40, 0x0000000002cc8688]
Event: 5.687 Thread 0x0000000058456000 1995       3       org.elasticsearch.common.io.stream.NamedWriteableRegistry::lambda$new$0 (18 bytes)
Event: 5.688 Thread 0x0000000058456000 nmethod 1995 0x0000000002cc8990 code [0x0000000002cc8b20, 0x0000000002cc9008]
Event: 5.688 Thread 0x000000005843a000 1996       4       java.lang.String::compareTo (78 bytes)
Event: 5.691 Thread 0x0000000058456000 1997       1       org.elasticsearch.common.ParseField::getAllNamesIncludedDeprecated (5 bytes)
Event: 5.691 Thread 0x0000000058456000 nmethod 1997 0x0000000002cc9210 code [0x0000000002cc9360, 0x0000000002cc9470]
Event: 5.692 Thread 0x000000005843a000 nmethod 1996 0x0000000002ccc250 code [0x0000000002ccc3a0, 0x0000000002ccc538]
Event: 5.812 Thread 0x000000005843a000 1998   !   4       java.net.URLClassLoader$1::run (63 bytes)

GC Heap History (10 events):
Event: 3.863 GC heap before
{Heap before GC invocations=3 (full 0):
 PSYoungGen      total 36352K, used 36325K [0x00000000d7b80000, 0x00000000da400000, 0x0000000100000000)
  eden space 31232K, 100% used [0x00000000d7b80000,0x00000000d9a00000,0x00000000d9a00000)
  from space 5120K, 99% used [0x00000000d9f00000,0x00000000da3f9420,0x00000000da400000)
  to   space 5120K, 0% used [0x00000000d9a00000,0x00000000d9a00000,0x00000000d9f00000)
 ParOldGen       total 83456K, used 3602K [0x0000000087200000, 0x000000008c380000, 0x00000000d7b80000)
  object space 83456K, 4% used [0x0000000087200000,0x0000000087584838,0x000000008c380000)
 Metaspace       used 20211K, capacity 20602K, committed 20736K, reserved 1067008K
  class space    used 2313K, capacity 2436K, committed 2560K, reserved 1048576K
Event: 3.891 GC heap after
Heap after GC invocations=3 (full 0):
 PSYoungGen      total 36352K, used 5098K [0x00000000d7b80000, 0x00000000da400000, 0x0000000100000000)
  eden space 31232K, 0% used [0x00000000d7b80000,0x00000000d7b80000,0x00000000d9a00000)
  from space 5120K, 99% used [0x00000000d9a00000,0x00000000d9efaa40,0x00000000d9f00000)
  to   space 5120K, 0% used [0x00000000d9f00000,0x00000000d9f00000,0x00000000da400000)
 ParOldGen       total 83456K, used 5416K [0x0000000087200000, 0x000000008c380000, 0x00000000d7b80000)
  object space 83456K, 6% used [0x0000000087200000,0x000000008774a050,0x000000008c380000)
 Metaspace       used 20211K, capacity 20602K, committed 20736K, reserved 1067008K
  class space    used 2313K, capacity 2436K, committed 2560K, reserved 1048576K
}
Event: 4.000 GC heap before
{Heap before GC invocations=4 (full 0):
 PSYoungGen      total 36352K, used 16109K [0x00000000d7b80000, 0x00000000da400000, 0x0000000100000000)
  eden space 31232K, 35% used [0x00000000d7b80000,0x00000000d8640b38,0x00000000d9a00000)
  from space 5120K, 99% used [0x00000000d9a00000,0x00000000d9efaa40,0x00000000d9f00000)
  to   space 5120K, 0% used [0x00000000d9f00000,0x00000000d9f00000,0x00000000da400000)
 ParOldGen       total 83456K, used 5416K [0x0000000087200000, 0x000000008c380000, 0x00000000d7b80000)
  object space 83456K, 6% used [0x0000000087200000,0x000000008774a050,0x000000008c380000)
 Metaspace       used 20850K, capacity 21210K, committed 21248K, reserved 1069056K
  class space    used 2409K, capacity 2532K, committed 2560K, reserved 1048576K
Event: 4.009 GC heap after
Heap after GC invocations=4 (full 0):
 PSYoungGen      total 36352K, used 5101K [0x00000000d7b80000, 0x00000000da400000, 0x0000000100000000)
  eden space 31232K, 0% used [0x00000000d7b80000,0x00000000d7b80000,0x00000000d9a00000)
  from space 5120K, 99% used [0x00000000d9f00000,0x00000000da3fb6c0,0x00000000da400000)
  to   space 5120K, 0% used [0x00000000d9a00000,0x00000000d9a00000,0x00000000d9f00000)
 ParOldGen       total 83456K, used 5620K [0x0000000087200000, 0x000000008c380000, 0x00000000d7b80000)
  object space 83456K, 6% used [0x0000000087200000,0x000000008777d350,0x000000008c380000)
 Metaspace       used 20850K, capacity 21210K, committed 21248K, reserved 1069056K
  class space    used 2409K, capacity 2532K, committed 2560K, reserved 1048576K
}
Event: 4.009 GC heap before
{Heap before GC invocations=5 (full 1):
 PSYoungGen      total 36352K, used 5101K [0x00000000d7b80000, 0x00000000da400000, 0x0000000100000000)
  eden space 31232K, 0% used [0x00000000d7b80000,0x00000000d7b80000,0x00000000d9a00000)
  from space 5120K, 99% used [0x00000000d9f00000,0x00000000da3fb6c0,0x00000000da400000)
  to   space 5120K, 0% used [0x00000000d9a00000,0x00000000d9a00000,0x00000000d9f00000)
 ParOldGen       total 83456K, used 5620K [0x0000000087200000, 0x000000008c380000, 0x00000000d7b80000)
  object space 83456K, 6% used [0x0000000087200000,0x000000008777d350,0x000000008c380000)
 Metaspace       used 20850K, capacity 21210K, committed 21248K, reserved 1069056K
  class space    used 2409K, capacity 2532K, committed 2560K, reserved 1048576K
Event: 4.059 GC heap after
Heap after GC invocations=5 (full 1):
 PSYoungGen      total 36352K, used 0K [0x00000000d7b80000, 0x00000000da400000, 0x0000000100000000)
  eden space 31232K, 0% used [0x00000000d7b80000,0x00000000d7b80000,0x00000000d9a00000)
  from space 5120K, 0% used [0x00000000d9f00000,0x00000000d9f00000,0x00000000da400000)
  to   space 5120K, 0% used [0x00000000d9a00000,0x00000000d9a00000,0x00000000d9f00000)
 ParOldGen       total 49664K, used 5220K [0x0000000087200000, 0x000000008a280000, 0x00000000d7b80000)
  object space 49664K, 10% used [0x0000000087200000,0x0000000087719008,0x000000008a280000)
 Metaspace       used 20850K, capacity 21210K, committed 21248K, reserved 1069056K
  class space    used 2409K, capacity 2532K, committed 2560K, reserved 1048576K
}
Event: 4.610 GC heap before
{Heap before GC invocations=6 (full 1):
 PSYoungGen      total 36352K, used 31232K [0x00000000d7b80000, 0x00000000da400000, 0x0000000100000000)
  eden space 31232K, 100% used [0x00000000d7b80000,0x00000000d9a00000,0x00000000d9a00000)
  from space 5120K, 0% used [0x00000000d9f00000,0x00000000d9f00000,0x00000000da400000)
  to   space 5120K, 0% used [0x00000000d9a00000,0x00000000d9a00000,0x00000000d9f00000)
 ParOldGen       total 49664K, used 5220K [0x0000000087200000, 0x000000008a280000, 0x00000000d7b80000)
  object space 49664K, 10% used [0x0000000087200000,0x0000000087719008,0x000000008a280000)
 Metaspace       used 24305K, capacity 24790K, committed 24832K, reserved 1071104K
  class space    used 2923K, capacity 3071K, committed 3072K, reserved 1048576K
Event: 4.614 GC heap after
Heap after GC invocations=6 (full 1):
 PSYoungGen      total 36352K, used 3106K [0x00000000d7b80000, 0x00000000dc000000, 0x0000000100000000)
  eden space 31232K, 0% used [0x00000000d7b80000,0x00000000d7b80000,0x00000000d9a00000)
  from space 5120K, 60% used [0x00000000d9a00000,0x00000000d9d08888,0x00000000d9f00000)
  to   space 9216K, 0% used [0x00000000db700000,0x00000000db700000,0x00000000dc000000)
 ParOldGen       total 49664K, used 5228K [0x0000000087200000, 0x000000008a280000, 0x00000000d7b80000)
  object space 49664K, 10% used [0x0000000087200000,0x000000008771b008,0x000000008a280000)
 Metaspace       used 24305K, capacity 24790K, committed 24832K, reserved 1071104K
  class space    used 2923K, capacity 3071K, committed 3072K, reserved 1048576K
}
Event: 5.170 GC heap before
{Heap before GC invocations=7 (full 1):
 PSYoungGen      total 36352K, used 34338K [0x00000000d7b80000, 0x00000000dc000000, 0x0000000100000000)
  eden space 31232K, 100% used [0x00000000d7b80000,0x00000000d9a00000,0x00000000d9a00000)
  from space 5120K, 60% used [0x00000000d9a00000,0x00000000d9d08888,0x00000000d9f00000)
  to   space 9216K, 0% used [0x00000000db700000,0x00000000db700000,0x00000000dc000000)
 ParOldGen       total 49664K, used 5228K [0x0000000087200000, 0x000000008a280000, 0x00000000d7b80000)
  object space 49664K, 10% used [0x0000000087200000,0x000000008771b008,0x000000008a280000)
 Metaspace       used 28102K, capacity 28830K, committed 29056K, reserved 1075200K
  class space    used 3396K, capacity 3651K, committed 3712K, reserved 1048576K
Event: 5.177 GC heap after
Heap after GC invocations=7 (full 1):
 PSYoungGen      total 57856K, used 5301K [0x00000000d7b80000, 0x00000000dbe00000, 0x0000000100000000)
  eden space 50688K, 0% used [0x00000000d7b80000,0x00000000d7b80000,0x00000000dad00000)
  from space 7168K, 73% used [0x00000000db700000,0x00000000dbc2d768,0x00000000dbe00000)
  to   space 8704K, 0% used [0x00000000dad00000,0x00000000dad00000,0x00000000db580000)
 ParOldGen       total 49664K, used 5236K [0x0000000087200000, 0x000000008a280000, 0x00000000d7b80000)
  object space 49664K, 10% used [0x0000000087200000,0x000000008771d008,0x000000008a280000)
 Metaspace       used 28102K, capacity 28830K, committed 29056K, reserved 1075200K
  class space    used 3396K, capacity 3651K, committed 3712K, reserved 1048576K
}

Deoptimization events (10 events):
Event: 1.043 Thread 0x00000000020ab800 Uncommon trap: reason=bimorphic action=maybe_recompile pc=0x00000000028f777c method=java.util.HashMap.putVal(ILjava/lang/Object;Ljava/lang/Object;ZZ)Ljava/lang/Object; @ 91
Event: 1.069 Thread 0x00000000020ab800 Uncommon trap: reason=class_check action=maybe_recompile pc=0x000000000290bcd0 method=java.util.HashMap.putVal(ILjava/lang/Object;Ljava/lang/Object;ZZ)Ljava/lang/Object; @ 203
Event: 2.110 Thread 0x00000000020ab800 Uncommon trap: reason=unstable_if action=reinterpret pc=0x000000000275050c method=sun.nio.cs.UTF_8$Encoder.encode([CII[B)I @ 33
Event: 2.380 Thread 0x00000000020ab800 Uncommon trap: reason=unstable_if action=reinterpret pc=0x0000000002962088 method=java.io.WinNTFileSystem.normalize(Ljava/lang/String;)Ljava/lang/String; @ 49
Event: 2.861 Thread 0x0000000059a95000 Uncommon trap: reason=unstable_if action=reinterpret pc=0x0000000002a59348 method=com.google.protobuf.CodedInputStream.readRawVarint32()I @ 22
Event: 3.009 Thread 0x00000000020ab800 Uncommon trap: reason=unstable_if action=reinterpret pc=0x000000000295c450 method=java.util.HashMap.hash(Ljava/lang/Object;)I @ 1
Event: 3.009 Thread 0x00000000020ab800 Uncommon trap: reason=unstable_if action=reinterpret pc=0x00000000028bf2a4 method=java.util.HashMap.hash(Ljava/lang/Object;)I @ 1
Event: 3.902 Thread 0x00000000020ab800 Uncommon trap: reason=unstable_if action=reinterpret pc=0x0000000002abb13c method=java.util.concurrent.ConcurrentHashMap.putVal(Ljava/lang/Object;Ljava/lang/Object;Z)Ljava/lang/Object; @ 181
Event: 4.278 Thread 0x00000000020ab800 Uncommon trap: reason=range_check action=make_not_entrant pc=0x0000000002afcf90 method=sun.reflect.generics.parser.SignatureParser.current()C @ 34
Event: 4.933 Thread 0x00000000020ab800 Uncommon trap: reason=unstable_if action=reinterpret pc=0x0000000002bc59e4 method=jdk.internal.org.objectweb.asm.Type.getArgumentsAndReturnSizes(Ljava/lang/String;)I @ 41

Internal exceptions (10 events):
Event: 4.996 Thread 0x00000000020ab800 Exception <a 'java/lang/NoSuchMethodError': java.lang.Object.lambda$negate$1(Ljava/lang/Object;)Z> (0x00000000d9122060) thrown at [C:\re\workspace\8-2-build-windows-amd64-cygwin\jdk8u111\7883\hotspot\src\share\vm\interpreter\linkResolver.cpp, line 582]
Event: 5.031 Thread 0x00000000020ab800 Exception <a 'java/lang/IncompatibleClassChangeError': Found class java.lang.Object, but interface was expected> (0x00000000d92a12e8) thrown at [C:\re\workspace\8-2-build-windows-amd64-cygwin\jdk8u111\7883\hotspot\src\share\vm\interpreter\linkResolver.cpp
Event: 5.045 Thread 0x00000000020ab800 Exception <a 'java/lang/IncompatibleClassChangeError': Found class java.lang.Object, but interface was expected> (0x00000000d9340cd0) thrown at [C:\re\workspace\8-2-build-windows-amd64-cygwin\jdk8u111\7883\hotspot\src\share\vm\interpreter\linkResolver.cpp
Event: 5.086 Thread 0x00000000020ab800 Exception <a 'java/lang/IncompatibleClassChangeError': Found class java.lang.Object, but interface was expected> (0x00000000d95bb7f8) thrown at [C:\re\workspace\8-2-build-windows-amd64-cygwin\jdk8u111\7883\hotspot\src\share\vm\interpreter\linkResolver.cpp
Event: 5.229 Thread 0x00000000020ab800 Exception <a 'java/lang/IncompatibleClassChangeError': Found class java.lang.Object, but interface was expected> (0x00000000d7e50638) thrown at [C:\re\workspace\8-2-build-windows-amd64-cygwin\jdk8u111\7883\hotspot\src\share\vm\interpreter\linkResolver.cpp
Event: 5.276 Thread 0x00000000020ab800 Exception <a 'java/lang/IncompatibleClassChangeError': Found class java.lang.Object, but interface was expected> (0x00000000d81aeb18) thrown at [C:\re\workspace\8-2-build-windows-amd64-cygwin\jdk8u111\7883\hotspot\src\share\vm\interpreter\linkResolver.cpp
Event: 5.293 Thread 0x00000000020ab800 Exception <a 'java/lang/IncompatibleClassChangeError': Found class java.lang.Object, but interface was expected> (0x00000000d828a038) thrown at [C:\re\workspace\8-2-build-windows-amd64-cygwin\jdk8u111\7883\hotspot\src\share\vm\interpreter\linkResolver.cpp
Event: 5.567 Thread 0x00000000020ab800 Exception <a 'java/lang/IncompatibleClassChangeError': Found class java.lang.Object, but interface was expected> (0x00000000d927af50) thrown at [C:\re\workspace\8-2-build-windows-amd64-cygwin\jdk8u111\7883\hotspot\src\share\vm\interpreter\linkResolver.cpp
Event: 5.647 Thread 0x00000000020ab800 Exception <a 'java/lang/IncompatibleClassChangeError': Found class java.lang.Object, but interface was expected> (0x00000000d96b36b8) thrown at [C:\re\workspace\8-2-build-windows-amd64-cygwin\jdk8u111\7883\hotspot\src\share\vm\interpreter\linkResolver.cpp
Event: 5.663 Thread 0x00000000020ab800 Exception <a 'java/lang/IncompatibleClassChangeError': Found class java.lang.Object, but interface was expected> (0x00000000d9777770) thrown at [C:\re\workspace\8-2-build-windows-amd64-cygwin\jdk8u111\7883\hotspot\src\share\vm\interpreter\linkResolver.cpp

Events (10 events):
Event: 5.847 loading class org/elasticsearch/action/admin/indices/alias/get/BaseAliasesRequestBuilder
Event: 5.847 loading class org/elasticsearch/action/admin/indices/alias/get/BaseAliasesRequestBuilder done
Event: 5.847 loading class org/elasticsearch/action/admin/indices/alias/get/TransportGetAliasesAction
Event: 5.847 loading class org/elasticsearch/action/admin/indices/alias/get/TransportGetAliasesAction done
Event: 5.848 loading class org/elasticsearch/action/admin/indices/alias/exists/AliasesExistResponse
Event: 5.848 loading class org/elasticsearch/action/admin/indices/alias/exists/AliasesExistResponse done
Event: 5.849 loading class org/elasticsearch/action/admin/indices/alias/exists/AliasesExistRequestBuilder
Event: 5.849 loading class org/elasticsearch/action/admin/indices/alias/exists/AliasesExistRequestBuilder done
Event: 5.849 loading class org/elasticsearch/action/admin/indices/alias/exists/TransportAliasesExistAction
Event: 5.849 loading class org/elasticsearch/action/admin/indices/alias/exists/TransportAliasesExistAction done


Dynamic libraries:
0x000000013f840000 - 0x000000013f877000 	D:\java8_jre\bin\javaw.exe
0x0000000076d20000 - 0x0000000076eca000 	C:\Windows\SYSTEM32\ntdll.dll
0x0000000076b00000 - 0x0000000076c1f000 	C:\Windows\system32\kernel32.dll
0x000007fefcd10000 - 0x000007fefcd7a000 	C:\Windows\system32\KERNELBASE.dll
0x000007fefd390000 - 0x000007fefd46b000 	C:\Windows\system32\ADVAPI32.dll
0x000007fefd470000 - 0x000007fefd50f000 	C:\Windows\system32\msvcrt.dll
0x000007fefd510000 - 0x000007fefd52f000 	C:\Windows\SYSTEM32\sechost.dll
0x000007fefe930000 - 0x000007fefea5d000 	C:\Windows\system32\RPCRT4.dll
0x0000000076c20000 - 0x0000000076d1a000 	C:\Windows\system32\USER32.dll
0x000007fefefc0000 - 0x000007feff027000 	C:\Windows\system32\GDI32.dll
0x000007fefd270000 - 0x000007fefd27e000 	C:\Windows\system32\LPK.dll
0x000007fefeef0000 - 0x000007fefefba000 	C:\Windows\system32\USP10.dll
0x000007fefb420000 - 0x000007fefb614000 	C:\Windows\WinSxS\amd64_microsoft.windows.common-controls_6595b64144ccf1df_6.0.7601.18837_none_fa3b1e3d17594757\COMCTL32.dll
0x000007fefd530000 - 0x000007fefd5a1000 	C:\Windows\system32\SHLWAPI.dll
0x000007fefd030000 - 0x000007fefd05e000 	C:\Windows\system32\IMM32.DLL
0x000007fefd280000 - 0x000007fefd389000 	C:\Windows\system32\MSCTF.dll
0x00000000626a0000 - 0x0000000062772000 	D:\java8_jre\bin\msvcr100.dll
0x000000006e620000 - 0x000000006eeba000 	D:\java8_jre\bin\server\jvm.dll
0x000007fefb3e0000 - 0x000007fefb3e9000 	C:\Windows\system32\WSOCK32.dll
0x000007fefd060000 - 0x000007fefd0ad000 	C:\Windows\system32\WS2_32.dll
0x000007fefd790000 - 0x000007fefd798000 	C:\Windows\system32\NSI.dll
0x000007fef9800000 - 0x000007fef983b000 	C:\Windows\system32\WINMM.dll
0x000007fefbd40000 - 0x000007fefbd4c000 	C:\Windows\system32\VERSION.dll
0x0000000076ee0000 - 0x0000000076ee7000 	C:\Windows\system32\PSAPI.DLL
0x0000000072920000 - 0x000000007292f000 	D:\java8_jre\bin\verify.dll
0x000000006e5f0000 - 0x000000006e619000 	D:\java8_jre\bin\java.dll
0x0000000071b30000 - 0x0000000071b46000 	D:\java8_jre\bin\zip.dll
0x000007fefd990000 - 0x000007fefe719000 	C:\Windows\system32\SHELL32.dll
0x000007fefe720000 - 0x000007fefe923000 	C:\Windows\system32\ole32.dll
0x000007fefcc20000 - 0x000007fefcc2f000 	C:\Windows\system32\profapi.dll
0x0000000064830000 - 0x000000006483d000 	D:\java8_jre\bin\management.dll
0x0000000063ef0000 - 0x0000000063ef9000 	D:\java8_jre\bin\w2k_lsa_auth.dll
0x000007fefc780000 - 0x000007fefc78b000 	C:\Windows\system32\Secur32.dll
0x000007fefc910000 - 0x000007fefc935000 	C:\Windows\system32\SSPICLI.DLL
0x0000000063ee0000 - 0x0000000063ee9000 	D:\java8_jre\bin\jaas_nt.dll
0x0000000071a70000 - 0x0000000071a8a000 	D:\java8_jre\bin\net.dll
0x000007fefc470000 - 0x000007fefc4c5000 	C:\Windows\system32\mswsock.dll
0x000007fefc3b0000 - 0x000007fefc3b7000 	C:\Windows\System32\wship6.dll
0x000007fefab70000 - 0x000007fefab97000 	C:\Windows\system32\IPHLPAPI.DLL
0x000007fefab60000 - 0x000007fefab6b000 	C:\Windows\system32\WINNSI.DLL
0x000007fefa970000 - 0x000007fefa981000 	C:\Windows\system32\dhcpcsvc6.DLL
0x000007fefa950000 - 0x000007fefa968000 	C:\Windows\system32\dhcpcsvc.DLL
0x000007fef9450000 - 0x000007fef9466000 	C:\Windows\system32\Elkns.dll
0x000007fefb250000 - 0x000007fefb265000 	C:\Windows\system32\NLAapi.dll
0x000007fee9b10000 - 0x000007fee9b25000 	C:\Windows\system32\napinsp.dll
0x000007fee9af0000 - 0x000007fee9b09000 	C:\Windows\system32\pnrpnsp.dll
0x000007feebf80000 - 0x000007feebf90000 	C:\Windows\system32\wshbth.dll
0x000007fefc350000 - 0x000007fefc3ab000 	C:\Windows\system32\DNSAPI.dll
0x000007fee99f0000 - 0x000007fee99fb000 	C:\Windows\System32\winrnr.dll
0x000007fefbe30000 - 0x000007fefbe37000 	C:\Windows\System32\wshtcpip.dll
0x000007fef9430000 - 0x000007fef9438000 	C:\Windows\system32\rasadhlp.dll
0x000007fefa9e0000 - 0x000007fefaa33000 	C:\Windows\System32\fwpuclnt.dll
0x000000006e5d0000 - 0x000000006e5e1000 	D:\java8_jre\bin\nio.dll
0x000007fefc630000 - 0x000007fefc647000 	C:\Windows\system32\CRYPTSP.dll
0x000007fefc1b0000 - 0x000007fefc1f7000 	C:\Windows\system32\rsaenh.dll
0x000007fefbf50000 - 0x000007fefbf6e000 	C:\Windows\system32\USERENV.dll
0x000007fefcb50000 - 0x000007fefcb5f000 	C:\Windows\system32\CRYPTBASE.dll

VM Arguments:
jvm_args: -Dfile.encoding=UTF-8 
java_command: com.db.seu.ElasticSearch.TestElastiSearch
java_class_path (initial): D:\workspace\ElasticSearch\target\classes;C:\Users\Think\.m2\repository\org\apache\hbase\hbase-server\0.98.2-hadoop2\hbase-server-0.98.2-hadoop2.jar;C:\Users\Think\.m2\repository\org\apache\hbase\hbase-client\0.98.22-hadoop2\hbase-client-0.98.22-hadoop2.jar;C:\Users\Think\.m2\repository\org\apache\hbase\hbase-annotations\0.98.22-hadoop2\hbase-annotations-0.98.22-hadoop2.jar;C:\Users\Think\.m2\repository\com\github\stephenc\findbugs\findbugs-annotations\1.3.9-1\findbugs-annotations-1.3.9-1.jar;C:\Users\Think\.m2\repository\log4j\log4j\1.2.17\log4j-1.2.17.jar;C:\Users\Think\.m2\repository\org\apache\hbase\hbase-common\0.98.22-hadoop2\hbase-common-0.98.22-hadoop2.jar;C:\Users\Think\.m2\repository\commons-collections\commons-collections\3.2.2\commons-collections-3.2.2.jar;C:\Users\Think\.m2\repository\org\mortbay\jetty\jetty-util\6.1.26\jetty-util-6.1.26.jar;C:\Users\Think\.m2\repository\org\apache\hbase\hbase-protocol\0.98.22-hadoop2\hbase-protocol-0.98.22-hadoop2.jar;C:\Users\Think\.m2\repository\commons-codec\commons-codec\1.7\commons-codec-1.7.jar;C:\Users\Think\.m2\repository\commons-io\commons-io\2.4\commons-io-2.4.jar;C:\Users\Think\.m2\repository\commons-lang\commons-lang\2.6\commons-lang-2.6.jar;C:\Users\Think\.m2\repository\commons-logging\commons-logging\1.1.1\commons-logging-1.1.1.jar;C:\Users\Think\.m2\repository\com\google\guava\guava\12.0.1\guava-12.0.1.jar;C:\Users\Think\.m2\repository\com\google\protobuf\protobuf-java\2.5.0\protobuf-java-2.5.0.jar;C:\Users\Think\.m2\repository\io\netty\netty\3.6.6.Final\netty-3.6.6.Final.jar;C:\Users\Think\.m2\repository\org\apache\zookeeper\zookeeper\3.4.6\zookeeper-3.4.6.jar;C:\Users\Think\.m2\repository\org\slf4j\slf4j-api\1.6.1\slf4j-api-1.6.1.jar;C:\Users\Think\.m2\repository\org\slf4j\slf4j-log4j12\1.6.1\slf4j-log4j12-1.6.1.jar;C:\Users\Think\.m2\repository\org\cloudera\htrace\htrace-core\2.04\htrace-core-2.04.jar;C:\Users\Think\.m2\repository\org\codehaus\jackson\jackson-mapper-asl\1.
Launcher Type: SUN_STANDARD

Environment Variables:
JAVA_HOME=D:\java8_jdk
CLASSPATH=.;D:\java8_jdk\lib;D:\java8_jdk\lib\tools.jar;E:\java\tomcat\apache-tomcat-6.0.43\lib;E:\java\tomcat\apache-tomcat-6.0.43\bin .;D:\java_jdk\antlr-4.5.3-complete.jar;D:\apache-ant-1.10.1\lib;
PATH=D:/java8_jre/bin/server;D:/java8_jre/bin;D:/java8_jre/lib/amd64;C:\ProgramData\Oracle\Java\javapath;C:\Program Files (x86)\Intel\iCLS Client\;C:\Program Files\Intel\iCLS Client\;C:\Windows\system32;C:\Windows;C:\Windows\System32\Wbem;C:\Windows\System32\WindowsPowerShell\v1.0\;C:\Program Files\Intel\Intel(R) Management Engine Components\DAL;C:\Program Files\Intel\Intel(R) Management Engine Components\IPT;C:\Program Files (x86)\Intel\Intel(R) Management Engine Components\DAL;C:\Program Files (x86)\Intel\Intel(R) Management Engine Components\IPT;C:\Program Files (x86)\Intel\OpenCL SDK\2.0\bin\x86;C:\Program Files (x86)\Intel\OpenCL SDK\2.0\bin\x64;;E:\mysql\bin;D:\java8_jdk\bin;D:\java8_jdk\jre\bin;E:\Drive\AMD\ATI.ACE\Core-Static;C:\Program Files\Microsoft\Web Platform Installer\;C:\Program Files (x86)\Microsoft ASP.NET\ASP.NET Web Pages\v1.0\;C:\Program Files\Microsoft SQL Server\110\Tools\Binn\;C:\Program Files (x86)\ATI Technologies\ATI.ACE\Core-Static; D:\java8_jdk\bin;D:\java8_jdk\jre\bin;C:\Program Files (x86)\Microsoft SQL Server\100\Tools\Binn\;C:\Program Files\Microsoft SQL Server\100\Tools\Binn\;C:\Program Files\Microsoft SQL Server\100\DTS\Binn\;D:\QuickTime\QTSystem\;D:\java8_jdk\bin;D:\Git\cmd;D:\hugo;C:\Windows\System32;D:\java8_jdk\bin;D:\java8_jdk\jre\bin;D:\apache-maven-3.3.9\bin;E:\protobuf\protobuf-master\src;E:\skype\Phone\;D:\apache-ant-1.10.1\bin;D:\apache-maven-3.3.9\bin;D:\eclipse-java-neon-R-win32-x86_64\eclipse;
USERNAME=Think
OS=Windows_NT
PROCESSOR_IDENTIFIER=Intel64 Family 6 Model 58 Stepping 9, GenuineIntel



---------------  S Y S T E M  ---------------

OS: Windows 7 , 64 bit Build 7601 (6.1.7601.23677)

CPU:total 4 (2 cores per cpu, 2 threads per core) family 6 model 58 stepping 9, cmov, cx8, fxsr, mmx, sse, sse2, sse3, ssse3, sse4.1, sse4.2, popcnt, avx, aes, clmul, erms, ht, tsc, tscinvbit, tscinv

Memory: 4k page, physical 7916292k(1145292k free), swap 9891488k(5092k free)

vm_info: Java HotSpot(TM) 64-Bit Server VM (25.111-b14) for windows-amd64 JRE (1.8.0_111-b14), built on Sep 22 2016 19:24:05 by "java_re" with MS VC++ 10.0 (VS2010)

time: Tue Aug 01 19:10:29 2017
elapsed time: 5 seconds (0d 0h 0m 5s)

