JvmtiExport can_access_local_variables 0
JvmtiExport can_hotswap_or_post_breakpoint 0
JvmtiExport can_post_on_exceptions 0
# 371 ciObject found
instanceKlass org/elasticsearch/common/xcontent/StatusToXContentObject
instanceKlass org/elasticsearch/plugins/ActionPlugin$ActionHandler
instanceKlass org/elasticsearch/action/ActionRequestBuilder
instanceKlass org/elasticsearch/client/transport/TransportClient$$Lambda$615
instanceKlass org/elasticsearch/common/inject/Binder
instanceKlass org/elasticsearch/common/inject/ModulesBuilder
instanceKlass org/elasticsearch/common/xcontent/NamedXContentRegistry$$Lambda$614
instanceKlass java/util/stream/ForEachOps$ForEachOp
instanceKlass java/util/stream/ForEachOps
instanceKlass org/elasticsearch/client/transport/TransportClient$$Lambda$613
instanceKlass org/elasticsearch/common/io/stream/NamedWriteableRegistry$$Lambda$612
instanceKlass org/elasticsearch/common/io/stream/NamedWriteableRegistry
instanceKlass org/elasticsearch/index/reindex/ReindexPlugin$$Lambda$611
instanceKlass org/elasticsearch/index/reindex/BulkByScrollTask$Status
instanceKlass org/elasticsearch/index/reindex/SuccessfullyProcessed
instanceKlass org/elasticsearch/client/transport/TransportClient$$Lambda$610
instanceKlass org/elasticsearch/cluster/ClusterModule$$Lambda$609
instanceKlass org/elasticsearch/cluster/ClusterModule$$Lambda$608
instanceKlass org/elasticsearch/cluster/ClusterModule$$Lambda$607
instanceKlass org/elasticsearch/cluster/ClusterModule$$Lambda$606
instanceKlass org/elasticsearch/cluster/ClusterModule$$Lambda$605
instanceKlass org/elasticsearch/cluster/ClusterModule$$Lambda$604
instanceKlass org/elasticsearch/ingest/IngestMetadata
instanceKlass org/elasticsearch/cluster/ClusterModule$$Lambda$603
instanceKlass org/elasticsearch/cluster/ClusterModule$$Lambda$602
instanceKlass org/elasticsearch/cluster/ClusterModule$$Lambda$601
instanceKlass org/elasticsearch/cluster/ClusterModule$$Lambda$600
instanceKlass org/elasticsearch/cluster/ClusterModule$$Lambda$599
instanceKlass org/elasticsearch/cluster/ClusterModule$$Lambda$598
instanceKlass org/elasticsearch/cluster/ClusterModule$$Lambda$597
instanceKlass org/elasticsearch/cluster/ClusterModule$$Lambda$596
instanceKlass org/elasticsearch/cluster/AbstractNamedDiffable
instanceKlass org/elasticsearch/cluster/ClusterState$Custom
instanceKlass org/elasticsearch/search/SearchModule$$Lambda$595
instanceKlass org/elasticsearch/search/SearchModule$$Lambda$594
instanceKlass org/elasticsearch/search/SearchModule$$Lambda$593
instanceKlass org/elasticsearch/search/SearchModule$$Lambda$592
instanceKlass org/elasticsearch/plugins/SearchPlugin$FetchPhaseConstructionContext
instanceKlass org/elasticsearch/search/fetch/subphase/ParentFieldSubFetchPhase
instanceKlass org/elasticsearch/search/fetch/subphase/MatchedQueriesFetchSubPhase
instanceKlass org/elasticsearch/search/fetch/subphase/VersionFetchSubPhase
instanceKlass org/elasticsearch/search/fetch/subphase/FetchSourceSubPhase
instanceKlass org/elasticsearch/search/fetch/subphase/ScriptFieldsFetchSubPhase
instanceKlass org/elasticsearch/search/fetch/subphase/DocValueFieldsFetchSubPhase
instanceKlass org/elasticsearch/search/SearchModule$$Lambda$591
instanceKlass org/elasticsearch/search/fetch/subphase/ExplainFetchSubPhase
instanceKlass org/elasticsearch/search/SearchModule$$Lambda$590
instanceKlass org/elasticsearch/search/SearchModule$$Lambda$589
instanceKlass org/elasticsearch/search/SearchModule$$Lambda$588
instanceKlass org/elasticsearch/search/SearchModule$$Lambda$587
instanceKlass org/elasticsearch/search/SearchModule$$Lambda$586
instanceKlass org/elasticsearch/search/SearchModule$$Lambda$585
instanceKlass org/elasticsearch/search/SearchModule$$Lambda$584
instanceKlass org/elasticsearch/search/SearchModule$$Lambda$583
instanceKlass org/elasticsearch/search/SearchModule$$Lambda$582
instanceKlass org/elasticsearch/search/SearchModule$$Lambda$581
instanceKlass org/elasticsearch/search/SearchModule$$Lambda$580
instanceKlass org/elasticsearch/search/SearchModule$$Lambda$579
instanceKlass org/elasticsearch/search/SearchModule$$Lambda$578
instanceKlass org/elasticsearch/search/SearchModule$$Lambda$577
instanceKlass org/elasticsearch/search/SearchModule$$Lambda$576
instanceKlass org/elasticsearch/search/SearchModule$$Lambda$575
instanceKlass org/elasticsearch/search/SearchModule$$Lambda$574
instanceKlass org/elasticsearch/search/SearchModule$$Lambda$573
instanceKlass org/elasticsearch/search/SearchModule$$Lambda$572
instanceKlass org/elasticsearch/search/aggregations/pipeline/bucketmetrics/percentile/PercentilesBucket
instanceKlass org/elasticsearch/search/SearchModule$$Lambda$571
instanceKlass org/elasticsearch/search/SearchModule$$Lambda$570
instanceKlass org/elasticsearch/search/SearchModule$$Lambda$569
instanceKlass org/elasticsearch/search/aggregations/pipeline/bucketmetrics/stats/extended/ExtendedStatsBucket
instanceKlass org/elasticsearch/search/SearchModule$$Lambda$568
instanceKlass org/elasticsearch/search/SearchModule$$Lambda$567
instanceKlass org/elasticsearch/search/SearchModule$$Lambda$566
instanceKlass org/elasticsearch/search/aggregations/pipeline/bucketmetrics/stats/StatsBucket
instanceKlass org/elasticsearch/search/SearchModule$$Lambda$565
instanceKlass org/elasticsearch/search/SearchModule$$Lambda$564
instanceKlass org/elasticsearch/search/SearchModule$$Lambda$563
instanceKlass org/elasticsearch/search/SearchModule$$Lambda$562
instanceKlass org/elasticsearch/search/SearchModule$$Lambda$561
instanceKlass org/elasticsearch/search/SearchModule$$Lambda$560
instanceKlass org/elasticsearch/search/SearchModule$$Lambda$559
instanceKlass org/elasticsearch/search/SearchModule$$Lambda$558
instanceKlass org/elasticsearch/search/SearchModule$$Lambda$557
instanceKlass org/elasticsearch/search/aggregations/pipeline/bucketmetrics/BucketMetricsParser
instanceKlass org/elasticsearch/search/SearchModule$$Lambda$556
instanceKlass org/elasticsearch/search/aggregations/pipeline/bucketmetrics/BucketMetricValue
instanceKlass org/elasticsearch/search/SearchModule$$Lambda$555
instanceKlass org/elasticsearch/search/SearchModule$$Lambda$554
instanceKlass org/elasticsearch/search/aggregations/pipeline/derivative/Derivative
instanceKlass org/elasticsearch/search/aggregations/pipeline/SimpleValue
instanceKlass org/elasticsearch/search/SearchModule$$Lambda$553
instanceKlass org/elasticsearch/search/SearchModule$$Lambda$552
instanceKlass org/elasticsearch/search/SearchModule$$Lambda$551
instanceKlass org/elasticsearch/search/aggregations/pipeline/PipelineAggregator
instanceKlass org/elasticsearch/join/ParentJoinPlugin$$Lambda$550
instanceKlass org/elasticsearch/join/aggregations/Children
instanceKlass org/elasticsearch/join/ParentJoinPlugin$$Lambda$549
instanceKlass org/elasticsearch/join/ParentJoinPlugin$$Lambda$548
instanceKlass org/elasticsearch/index/fielddata/IndexFieldData
instanceKlass org/elasticsearch/search/SearchModule$$Lambda$547
instanceKlass org/elasticsearch/search/SearchModule$$Lambda$546
instanceKlass org/elasticsearch/search/SearchModule$$Lambda$545
instanceKlass org/elasticsearch/search/aggregations/metrics/scripted/ScriptedMetric
instanceKlass org/elasticsearch/search/SearchModule$$Lambda$544
instanceKlass org/elasticsearch/search/SearchModule$$Lambda$543
instanceKlass org/elasticsearch/search/SearchModule$$Lambda$542
instanceKlass org/elasticsearch/search/aggregations/metrics/geocentroid/GeoCentroid
instanceKlass org/elasticsearch/search/SearchModule$$Lambda$541
instanceKlass org/elasticsearch/search/SearchModule$$Lambda$540
instanceKlass org/elasticsearch/search/SearchModule$$Lambda$539
instanceKlass org/elasticsearch/search/aggregations/metrics/geobounds/GeoBounds
instanceKlass org/elasticsearch/search/SearchModule$$Lambda$538
instanceKlass org/elasticsearch/search/SearchModule$$Lambda$537
instanceKlass org/elasticsearch/search/SearchModule$$Lambda$536
instanceKlass org/apache/lucene/search/TopDocs
instanceKlass org/elasticsearch/search/aggregations/metrics/tophits/TopHits
instanceKlass org/elasticsearch/search/SearchModule$$Lambda$535
instanceKlass org/elasticsearch/search/SearchModule$$Lambda$534
instanceKlass org/elasticsearch/search/SearchModule$$Lambda$533
instanceKlass org/elasticsearch/search/aggregations/bucket/nested/ReverseNested
instanceKlass org/elasticsearch/search/SearchModule$$Lambda$532
instanceKlass org/elasticsearch/search/SearchModule$$Lambda$531
instanceKlass org/elasticsearch/search/SearchModule$$Lambda$530
instanceKlass org/elasticsearch/search/aggregations/bucket/nested/Nested
instanceKlass org/elasticsearch/search/SearchModule$$Lambda$529
instanceKlass org/elasticsearch/search/SearchModule$$Lambda$528
instanceKlass org/elasticsearch/search/SearchModule$$Lambda$527
instanceKlass org/elasticsearch/search/aggregations/bucket/geogrid/GeoHashGrid$Bucket
instanceKlass org/elasticsearch/search/aggregations/bucket/geogrid/GeoHashGrid
instanceKlass org/elasticsearch/search/SearchModule$$Lambda$526
instanceKlass org/elasticsearch/search/SearchModule$$Lambda$525
instanceKlass org/elasticsearch/search/SearchModule$$Lambda$524
instanceKlass org/elasticsearch/search/SearchModule$$Lambda$523
instanceKlass org/elasticsearch/search/SearchModule$$Lambda$522
instanceKlass org/elasticsearch/search/SearchModule$$Lambda$521
instanceKlass org/elasticsearch/search/SearchModule$$Lambda$520
instanceKlass org/elasticsearch/search/SearchModule$$Lambda$519
instanceKlass org/elasticsearch/search/SearchModule$$Lambda$518
instanceKlass org/apache/lucene/util/PriorityQueue
instanceKlass org/elasticsearch/search/aggregations/bucket/histogram/Histogram$Bucket
instanceKlass org/elasticsearch/search/aggregations/bucket/histogram/HistogramFactory
instanceKlass org/elasticsearch/search/aggregations/bucket/histogram/Histogram
instanceKlass org/elasticsearch/search/SearchModule$$Lambda$517
instanceKlass org/elasticsearch/search/SearchModule$$Lambda$516
instanceKlass org/elasticsearch/search/aggregations/bucket/histogram/Histogram$Order
instanceKlass org/elasticsearch/search/SearchModule$$Lambda$515
instanceKlass org/elasticsearch/search/SearchModule$$Lambda$514
instanceKlass org/elasticsearch/search/SearchModule$$Lambda$513
instanceKlass org/elasticsearch/search/SearchModule$$Lambda$512
instanceKlass org/elasticsearch/search/SearchModule$$Lambda$511
instanceKlass org/elasticsearch/search/SearchModule$$Lambda$510
instanceKlass org/elasticsearch/search/aggregations/bucket/range/InternalRange$Factory
instanceKlass org/elasticsearch/search/SearchModule$$Lambda$509
instanceKlass org/elasticsearch/search/aggregations/bucket/range/Range$Bucket
instanceKlass org/elasticsearch/search/aggregations/bucket/range/Range
instanceKlass org/elasticsearch/search/SearchModule$$Lambda$508
instanceKlass org/elasticsearch/search/SearchModule$$Lambda$507
instanceKlass org/elasticsearch/search/SearchModule$$Lambda$506
instanceKlass org/elasticsearch/search/SearchModule$$Lambda$505
instanceKlass org/elasticsearch/search/SearchModule$$Lambda$504
instanceKlass org/elasticsearch/search/aggregations/bucket/significant/SignificantTerms$Bucket
instanceKlass org/elasticsearch/search/aggregations/bucket/significant/SignificantTerms
instanceKlass org/elasticsearch/search/aggregations/bucket/significant/SignificantTermsAggregationBuilder$1
instanceKlass org/elasticsearch/search/aggregations/bucket/significant/SignificantTermsAggregationBuilder$$Lambda$503
instanceKlass org/elasticsearch/search/aggregations/bucket/significant/SignificantTermsAggregationBuilder$$Lambda$502
instanceKlass org/elasticsearch/search/aggregations/bucket/significant/SignificantTermsAggregationBuilder$$Lambda$501
instanceKlass org/elasticsearch/search/aggregations/bucket/significant/SignificantTermsAggregationBuilder$$Lambda$500
instanceKlass org/elasticsearch/search/aggregations/bucket/significant/SignificantTermsAggregationBuilder$$Lambda$499
instanceKlass org/elasticsearch/search/aggregations/bucket/significant/SignificantTermsAggregationBuilder$$Lambda$498
instanceKlass org/elasticsearch/search/aggregations/bucket/significant/SignificantTermsAggregationBuilder$$Lambda$497
instanceKlass org/elasticsearch/search/aggregations/bucket/significant/SignificantTermsAggregationBuilder$$Lambda$496
instanceKlass org/elasticsearch/search/aggregations/bucket/significant/SignificantTermsAggregationBuilder$$Lambda$495
instanceKlass org/elasticsearch/search/aggregations/bucket/significant/SignificantTermsAggregationBuilder$$Lambda$494
instanceKlass org/elasticsearch/search/aggregations/bucket/significant/SignificantTermsAggregationBuilder$$Lambda$493
instanceKlass org/elasticsearch/search/aggregations/bucket/significant/SignificantTermsAggregationBuilder$$Lambda$492
instanceKlass org/elasticsearch/search/aggregations/bucket/terms/TermsAggregationBuilder$$Lambda$491
instanceKlass org/elasticsearch/search/aggregations/bucket/terms/TermsAggregationBuilder$$Lambda$490
instanceKlass org/elasticsearch/search/aggregations/bucket/terms/TermsAggregationBuilder$$Lambda$489
instanceKlass org/elasticsearch/search/aggregations/bucket/terms/support/IncludeExclude$OrdinalsFilter
instanceKlass org/elasticsearch/search/aggregations/bucket/terms/support/IncludeExclude$StringFilter
instanceKlass org/elasticsearch/search/aggregations/bucket/terms/support/IncludeExclude$LongFilter
instanceKlass org/elasticsearch/search/aggregations/bucket/terms/TermsAggregationBuilder$$Lambda$488
instanceKlass org/elasticsearch/search/aggregations/bucket/terms/support/IncludeExclude
instanceKlass org/elasticsearch/search/aggregations/bucket/terms/TermsAggregationBuilder$$Lambda$487
instanceKlass org/elasticsearch/search/aggregations/bucket/terms/Terms$Order
instanceKlass org/elasticsearch/search/aggregations/bucket/terms/TermsAggregationBuilder$$Lambda$486
instanceKlass org/elasticsearch/search/aggregations/bucket/terms/TermsAggregationBuilder$$Lambda$485
instanceKlass org/elasticsearch/search/aggregations/bucket/terms/TermsAggregationBuilder$$Lambda$484
instanceKlass org/elasticsearch/search/aggregations/bucket/terms/TermsAggregationBuilder$$Lambda$483
instanceKlass org/elasticsearch/search/aggregations/bucket/terms/TermsAggregationBuilder$$Lambda$482
instanceKlass org/elasticsearch/search/aggregations/bucket/terms/TermsAggregationBuilder$$Lambda$481
instanceKlass org/elasticsearch/search/aggregations/bucket/terms/TermsAggregationBuilder$$Lambda$480
instanceKlass java/lang/invoke/LambdaForm$DMH
instanceKlass org/elasticsearch/search/aggregations/bucket/terms/TermsAggregationBuilder$$Lambda$479
instanceKlass org/elasticsearch/search/aggregations/bucket/terms/TermsAggregationBuilder$$Lambda$478
instanceKlass org/elasticsearch/search/aggregations/bucket/significant/SignificantTermsAggregationBuilder$$Lambda$477
instanceKlass java/lang/invoke/LambdaForm$DMH
instanceKlass org/elasticsearch/script/Script$$Lambda$476
instanceKlass org/elasticsearch/script/Script$$Lambda$475
instanceKlass org/elasticsearch/script/Script$$Lambda$474
instanceKlass org/elasticsearch/script/Script$$Lambda$473
instanceKlass org/elasticsearch/script/Script$$Lambda$472
instanceKlass org/elasticsearch/script/Script$$Lambda$471
instanceKlass org/elasticsearch/script/Script$$Lambda$470
instanceKlass org/elasticsearch/script/Script$$Lambda$469
instanceKlass org/elasticsearch/script/Script$$Lambda$468
instanceKlass org/elasticsearch/script/Script$$Lambda$467
instanceKlass org/elasticsearch/script/Script$Builder
instanceKlass org/elasticsearch/script/ScriptMetaData
instanceKlass org/elasticsearch/search/aggregations/support/ValuesSourceParserHelper$$Lambda$466
instanceKlass org/elasticsearch/search/aggregations/support/ValuesSourceParserHelper$$Lambda$465
instanceKlass org/elasticsearch/script/Script
instanceKlass org/elasticsearch/search/aggregations/support/ValuesSourceParserHelper$$Lambda$464
instanceKlass org/elasticsearch/search/aggregations/support/ValuesSourceParserHelper$$Lambda$463
instanceKlass org/elasticsearch/search/aggregations/support/ValuesSourceParserHelper$$Lambda$462
instanceKlass org/elasticsearch/search/aggregations/support/ValuesSourceParserHelper$$Lambda$461
instanceKlass org/elasticsearch/search/aggregations/support/ValuesSourceParserHelper$$Lambda$460
instanceKlass org/elasticsearch/search/aggregations/support/ValuesSourceParserHelper$$Lambda$459
instanceKlass org/elasticsearch/search/aggregations/support/ValuesSourceParserHelper$$Lambda$458
instanceKlass org/elasticsearch/search/aggregations/support/ValuesSourceParserHelper$$Lambda$457
instanceKlass org/elasticsearch/search/aggregations/support/ValuesSourceParserHelper
instanceKlass org/elasticsearch/search/aggregations/bucket/terms/TermsAggregator$BucketCountThresholds
instanceKlass org/elasticsearch/search/SearchModule$$Lambda$456
instanceKlass org/elasticsearch/search/SearchModule$$Lambda$455
instanceKlass org/elasticsearch/search/SearchModule$$Lambda$454
instanceKlass org/elasticsearch/search/SearchModule$$Lambda$453
instanceKlass org/elasticsearch/search/SearchModule$$Lambda$452
instanceKlass org/elasticsearch/search/aggregations/bucket/terms/Terms$Bucket
instanceKlass org/elasticsearch/search/aggregations/bucket/terms/Terms
instanceKlass org/elasticsearch/search/SearchModule$$Lambda$451
instanceKlass org/elasticsearch/search/SearchModule$$Lambda$450
instanceKlass org/elasticsearch/search/SearchModule$$Lambda$449
instanceKlass org/elasticsearch/search/SearchModule$$Lambda$448
instanceKlass org/elasticsearch/search/SearchModule$$Lambda$447
instanceKlass org/elasticsearch/search/SearchModule$$Lambda$446
instanceKlass org/elasticsearch/search/aggregations/bucket/sampler/Sampler
instanceKlass org/elasticsearch/search/SearchModule$$Lambda$445
instanceKlass org/elasticsearch/search/SearchModule$$Lambda$444
instanceKlass org/elasticsearch/search/SearchModule$$Lambda$443
instanceKlass org/elasticsearch/search/aggregations/bucket/adjacency/AdjacencyMatrix$Bucket
instanceKlass org/elasticsearch/search/aggregations/bucket/adjacency/AdjacencyMatrix
instanceKlass org/elasticsearch/search/aggregations/bucket/adjacency/AdjacencyMatrixAggregationBuilder$1
instanceKlass org/elasticsearch/common/xcontent/ObjectParser$$Lambda$442
instanceKlass java/lang/invoke/LambdaForm$DMH
instanceKlass org/elasticsearch/common/xcontent/ObjectParser$$Lambda$441
instanceKlass org/elasticsearch/common/xcontent/ObjectParser$$Lambda$440
instanceKlass org/elasticsearch/search/aggregations/bucket/adjacency/AdjacencyMatrixAggregator$KeyedFilter$$Lambda$439
instanceKlass org/elasticsearch/common/xcontent/ObjectParser$NamedObjectParser
instanceKlass java/lang/invoke/LambdaForm$DMH
instanceKlass org/elasticsearch/search/aggregations/bucket/adjacency/AdjacencyMatrixAggregator$KeyedFilter
instanceKlass org/elasticsearch/search/aggregations/bucket/adjacency/AdjacencyMatrixAggregationBuilder$$Lambda$438
instanceKlass org/elasticsearch/search/aggregations/bucket/adjacency/AdjacencyMatrixAggregationBuilder$$Lambda$437
instanceKlass org/elasticsearch/search/SearchModule$$Lambda$436
instanceKlass org/elasticsearch/search/SearchModule$$Lambda$435
instanceKlass org/elasticsearch/search/aggregations/InternalMultiBucketAggregation$InternalBucket
instanceKlass org/elasticsearch/search/aggregations/bucket/filters/Filters$Bucket
instanceKlass org/elasticsearch/search/aggregations/bucket/MultiBucketsAggregation$Bucket
instanceKlass org/elasticsearch/search/aggregations/bucket/filters/Filters
instanceKlass org/elasticsearch/search/aggregations/bucket/MultiBucketsAggregation
instanceKlass org/elasticsearch/search/SearchModule$$Lambda$434
instanceKlass org/elasticsearch/search/SearchModule$$Lambda$433
instanceKlass org/elasticsearch/search/SearchModule$$Lambda$432
instanceKlass org/elasticsearch/search/aggregations/bucket/filter/Filter
instanceKlass org/elasticsearch/search/SearchModule$$Lambda$431
instanceKlass org/elasticsearch/search/SearchModule$$Lambda$430
instanceKlass org/elasticsearch/search/SearchModule$$Lambda$429
instanceKlass org/elasticsearch/search/aggregations/bucket/missing/Missing
instanceKlass org/elasticsearch/search/SearchModule$$Lambda$428
instanceKlass org/elasticsearch/search/SearchModule$$Lambda$427
instanceKlass org/elasticsearch/search/SearchModule$$Lambda$426
instanceKlass org/elasticsearch/search/aggregations/Aggregations
instanceKlass org/elasticsearch/search/aggregations/bucket/global/Global
instanceKlass org/elasticsearch/search/aggregations/bucket/SingleBucketAggregation
instanceKlass org/elasticsearch/search/aggregations/HasAggregations
instanceKlass org/elasticsearch/search/SearchModule$$Lambda$425
instanceKlass org/elasticsearch/search/SearchModule$$Lambda$424
instanceKlass org/elasticsearch/search/SearchModule$$Lambda$423
instanceKlass org/elasticsearch/search/aggregations/metrics/cardinality/Cardinality
instanceKlass org/elasticsearch/search/SearchModule$$Lambda$422
instanceKlass org/elasticsearch/search/SearchModule$$Lambda$421
instanceKlass org/elasticsearch/search/SearchModule$$Lambda$420
instanceKlass org/elasticsearch/search/SearchModule$$Lambda$419
instanceKlass org/elasticsearch/search/aggregations/metrics/percentiles/PercentileRanks
instanceKlass org/elasticsearch/search/SearchModule$$Lambda$418
instanceKlass org/elasticsearch/search/SearchModule$$Lambda$417
instanceKlass org/elasticsearch/search/SearchModule$$Lambda$416
instanceKlass org/elasticsearch/search/SearchModule$$Lambda$415
instanceKlass com/tdunning/math/stats/TDigest
instanceKlass org/elasticsearch/search/aggregations/metrics/percentiles/Percentiles
instanceKlass org/elasticsearch/search/SearchModule$$Lambda$414
instanceKlass org/elasticsearch/search/SearchModule$$Lambda$413
instanceKlass org/elasticsearch/search/SearchModule$$Lambda$412
instanceKlass org/elasticsearch/search/aggregations/metrics/valuecount/ValueCount
instanceKlass org/elasticsearch/search/SearchModule$$Lambda$411
instanceKlass org/elasticsearch/search/SearchModule$$Lambda$410
instanceKlass org/elasticsearch/search/SearchModule$$Lambda$409
instanceKlass org/elasticsearch/search/aggregations/metrics/stats/extended/ExtendedStats
instanceKlass org/elasticsearch/search/SearchModule$$Lambda$408
instanceKlass org/elasticsearch/search/SearchModule$$Lambda$407
instanceKlass org/elasticsearch/search/SearchModule$$Lambda$406
instanceKlass org/elasticsearch/search/aggregations/metrics/stats/Stats
instanceKlass org/elasticsearch/search/aggregations/metrics/NumericMetricsAggregation$MultiValue
instanceKlass org/elasticsearch/search/SearchModule$$Lambda$405
instanceKlass org/elasticsearch/search/SearchModule$$Lambda$404
instanceKlass org/elasticsearch/search/SearchModule$$Lambda$403
instanceKlass org/elasticsearch/search/aggregations/metrics/max/Max
instanceKlass org/elasticsearch/search/SearchModule$$Lambda$402
instanceKlass org/elasticsearch/search/SearchModule$$Lambda$401
instanceKlass org/elasticsearch/search/SearchModule$$Lambda$400
instanceKlass org/elasticsearch/search/aggregations/metrics/min/Min
instanceKlass org/elasticsearch/search/SearchModule$$Lambda$399
instanceKlass org/elasticsearch/search/SearchModule$$Lambda$398
instanceKlass org/elasticsearch/search/SearchModule$$Lambda$397
instanceKlass org/elasticsearch/search/aggregations/metrics/sum/Sum
instanceKlass org/elasticsearch/search/SearchModule$$Lambda$396
instanceKlass org/elasticsearch/search/SearchModule$$Lambda$395
instanceKlass org/elasticsearch/search/SearchModule$$Lambda$394
instanceKlass org/elasticsearch/search/aggregations/InternalAggregation
instanceKlass org/elasticsearch/search/aggregations/metrics/avg/Avg
instanceKlass org/elasticsearch/search/aggregations/metrics/NumericMetricsAggregation$SingleValue
instanceKlass org/elasticsearch/search/aggregations/metrics/NumericMetricsAggregation
instanceKlass org/elasticsearch/search/aggregations/Aggregation
instanceKlass org/elasticsearch/search/SearchModule$$Lambda$393
instanceKlass org/elasticsearch/search/aggregations/Aggregator$Parser
instanceKlass org/elasticsearch/search/SearchModule$$Lambda$392
instanceKlass org/elasticsearch/search/aggregations/AggregatorFactory
instanceKlass org/elasticsearch/search/SearchModule$$Lambda$391
instanceKlass org/elasticsearch/search/SearchModule$$Lambda$390
instanceKlass org/elasticsearch/search/SearchModule$$Lambda$389
instanceKlass org/elasticsearch/search/SearchModule$$Lambda$388
instanceKlass org/elasticsearch/search/SearchModule$$Lambda$387
instanceKlass org/elasticsearch/search/SearchModule$$Lambda$386
instanceKlass org/elasticsearch/search/SearchModule$$Lambda$385
instanceKlass org/elasticsearch/search/aggregations/pipeline/movavg/models/MovAvgModel$AbstractModelParser
instanceKlass org/elasticsearch/search/aggregations/pipeline/movavg/models/MovAvgModel
instanceKlass org/elasticsearch/search/SearchModule$$Lambda$384
instanceKlass org/elasticsearch/search/SearchModule$$Lambda$383
instanceKlass org/elasticsearch/search/SearchModule$$Lambda$382
instanceKlass org/elasticsearch/search/SearchModule$$Lambda$381
instanceKlass org/elasticsearch/search/SearchModule$$Lambda$380
instanceKlass org/elasticsearch/search/SearchModule$$Lambda$379
instanceKlass org/elasticsearch/search/SearchModule$$Lambda$378
instanceKlass org/elasticsearch/search/SearchModule$$Lambda$377
instanceKlass org/elasticsearch/search/SearchModule$$Lambda$376
instanceKlass org/elasticsearch/search/SearchModule$$Lambda$375
instanceKlass org/elasticsearch/search/aggregations/bucket/significant/heuristics/NXYSignificanceHeuristic$NXYParser
instanceKlass org/elasticsearch/search/SearchModule$$Lambda$374
instanceKlass org/elasticsearch/search/aggregations/bucket/significant/heuristics/SignificanceHeuristicParser
instanceKlass org/elasticsearch/search/aggregations/bucket/significant/heuristics/SignificanceHeuristic
instanceKlass org/elasticsearch/search/SearchModule$$Lambda$373
instanceKlass org/elasticsearch/search/SearchModule$$Lambda$372
instanceKlass org/elasticsearch/search/SearchModule$$Lambda$371
instanceKlass org/elasticsearch/search/SearchModule$$Lambda$370
instanceKlass org/elasticsearch/search/DocValueFormat$Decimal
instanceKlass org/elasticsearch/search/SearchModule$$Lambda$369
instanceKlass org/elasticsearch/search/DocValueFormat$DateTime
instanceKlass org/elasticsearch/search/SearchModule$$Lambda$368
instanceKlass org/elasticsearch/search/DocValueFormat$4
instanceKlass org/elasticsearch/search/DocValueFormat$3
instanceKlass org/elasticsearch/search/DocValueFormat$2
instanceKlass org/elasticsearch/search/DocValueFormat$1
instanceKlass org/elasticsearch/search/DocValueFormat
instanceKlass org/elasticsearch/search/SearchModule$$Lambda$367
instanceKlass org/elasticsearch/search/SearchModule$$Lambda$366
instanceKlass org/elasticsearch/search/SearchModule$$Lambda$365
instanceKlass org/elasticsearch/search/SearchModule$$Lambda$364
instanceKlass org/apache/lucene/search/FieldComparatorSource
instanceKlass org/elasticsearch/search/SearchModule$$Lambda$363
instanceKlass org/elasticsearch/join/ParentJoinPlugin$$Lambda$362
instanceKlass org/elasticsearch/join/ParentJoinPlugin$$Lambda$361
instanceKlass org/elasticsearch/join/ParentJoinPlugin$$Lambda$360
instanceKlass org/elasticsearch/join/ParentJoinPlugin$$Lambda$359
instanceKlass org/elasticsearch/script/mustache/MustachePlugin$$Lambda$358
instanceKlass org/elasticsearch/script/mustache/MustachePlugin$$Lambda$357
instanceKlass org/elasticsearch/percolator/PercolatorPlugin$$Lambda$356
instanceKlass org/elasticsearch/percolator/PercolatorPlugin$$Lambda$355
instanceKlass org/apache/lucene/search/IndexSearcher
instanceKlass org/apache/lucene/index/StoredFieldVisitor
instanceKlass org/elasticsearch/search/SearchModule$$Lambda$354
instanceKlass org/elasticsearch/search/SearchModule$$Lambda$353
instanceKlass org/elasticsearch/common/geo/ShapesAvailability
instanceKlass org/elasticsearch/search/SearchModule$$Lambda$352
instanceKlass org/elasticsearch/search/SearchModule$$Lambda$351
instanceKlass org/elasticsearch/search/SearchModule$$Lambda$350
instanceKlass org/elasticsearch/search/SearchModule$$Lambda$349
instanceKlass org/elasticsearch/search/SearchModule$$Lambda$348
instanceKlass org/elasticsearch/search/SearchModule$$Lambda$347
instanceKlass org/elasticsearch/search/SearchModule$$Lambda$346
instanceKlass org/elasticsearch/search/SearchModule$$Lambda$345
instanceKlass org/elasticsearch/search/SearchModule$$Lambda$344
instanceKlass org/elasticsearch/search/SearchModule$$Lambda$343
instanceKlass org/elasticsearch/search/SearchModule$$Lambda$342
instanceKlass org/elasticsearch/search/SearchModule$$Lambda$341
instanceKlass org/elasticsearch/search/SearchModule$$Lambda$340
instanceKlass org/elasticsearch/search/SearchModule$$Lambda$339
instanceKlass org/elasticsearch/search/SearchModule$$Lambda$338
instanceKlass org/elasticsearch/search/SearchModule$$Lambda$337
instanceKlass org/elasticsearch/search/SearchModule$$Lambda$336
instanceKlass org/elasticsearch/search/SearchModule$$Lambda$335
instanceKlass org/elasticsearch/search/SearchModule$$Lambda$334
instanceKlass org/elasticsearch/search/SearchModule$$Lambda$333
instanceKlass org/elasticsearch/search/SearchModule$$Lambda$332
instanceKlass org/elasticsearch/search/SearchModule$$Lambda$331
instanceKlass org/elasticsearch/search/SearchModule$$Lambda$330
instanceKlass org/elasticsearch/search/SearchModule$$Lambda$329
instanceKlass org/elasticsearch/search/SearchModule$$Lambda$328
instanceKlass org/elasticsearch/search/SearchModule$$Lambda$327
instanceKlass org/elasticsearch/search/SearchModule$$Lambda$326
instanceKlass org/elasticsearch/search/SearchModule$$Lambda$325
instanceKlass org/elasticsearch/search/SearchModule$$Lambda$324
instanceKlass org/elasticsearch/search/SearchModule$$Lambda$323
instanceKlass org/elasticsearch/search/SearchModule$$Lambda$322
instanceKlass org/elasticsearch/search/SearchModule$$Lambda$321
instanceKlass org/elasticsearch/search/SearchModule$$Lambda$320
instanceKlass org/elasticsearch/search/SearchModule$$Lambda$319
instanceKlass org/elasticsearch/search/SearchModule$$Lambda$318
instanceKlass org/elasticsearch/search/SearchModule$$Lambda$317
instanceKlass org/elasticsearch/search/SearchModule$$Lambda$316
instanceKlass org/elasticsearch/search/SearchModule$$Lambda$315
instanceKlass org/elasticsearch/search/SearchModule$$Lambda$314
instanceKlass org/elasticsearch/search/SearchModule$$Lambda$313
instanceKlass org/elasticsearch/search/SearchModule$$Lambda$312
instanceKlass org/elasticsearch/search/SearchModule$$Lambda$311
instanceKlass org/elasticsearch/search/SearchModule$$Lambda$310
instanceKlass org/elasticsearch/search/SearchModule$$Lambda$309
instanceKlass org/elasticsearch/search/SearchModule$$Lambda$308
instanceKlass org/elasticsearch/search/SearchModule$$Lambda$307
instanceKlass org/elasticsearch/search/SearchModule$$Lambda$306
instanceKlass org/elasticsearch/search/SearchModule$$Lambda$305
instanceKlass org/elasticsearch/search/SearchModule$$Lambda$304
instanceKlass org/elasticsearch/search/SearchModule$$Lambda$303
instanceKlass org/elasticsearch/index/query/SpanQueryBuilder
instanceKlass org/elasticsearch/search/SearchModule$$Lambda$302
instanceKlass org/elasticsearch/search/SearchModule$$Lambda$301
instanceKlass org/elasticsearch/search/SearchModule$$Lambda$300
instanceKlass org/elasticsearch/search/SearchModule$$Lambda$299
instanceKlass org/elasticsearch/search/SearchModule$$Lambda$298
instanceKlass org/elasticsearch/search/SearchModule$$Lambda$297
instanceKlass org/elasticsearch/search/SearchModule$$Lambda$296
instanceKlass org/elasticsearch/search/SearchModule$$Lambda$295
instanceKlass org/elasticsearch/search/SearchModule$$Lambda$294
instanceKlass org/elasticsearch/search/SearchModule$$Lambda$293
instanceKlass org/elasticsearch/search/SearchModule$$Lambda$292
instanceKlass org/elasticsearch/search/SearchModule$$Lambda$291
instanceKlass org/elasticsearch/index/query/MultiTermQueryBuilder
instanceKlass org/elasticsearch/search/SearchModule$$Lambda$290
instanceKlass org/elasticsearch/search/SearchModule$$Lambda$289
instanceKlass org/elasticsearch/search/SearchModule$$Lambda$288
instanceKlass org/elasticsearch/search/SearchModule$$Lambda$287
instanceKlass org/elasticsearch/search/SearchModule$$Lambda$286
instanceKlass org/elasticsearch/search/SearchModule$$Lambda$285
instanceKlass org/elasticsearch/search/SearchModule$$Lambda$284
instanceKlass org/elasticsearch/search/SearchModule$$Lambda$283
instanceKlass org/elasticsearch/search/SearchModule$$Lambda$282
instanceKlass org/elasticsearch/search/SearchModule$$Lambda$281
instanceKlass org/elasticsearch/search/SearchModule$$Lambda$280
instanceKlass org/elasticsearch/search/SearchModule$$Lambda$279
instanceKlass org/elasticsearch/search/SearchModule$$Lambda$278
instanceKlass org/elasticsearch/search/SearchModule$$Lambda$277
instanceKlass org/elasticsearch/search/SearchModule$$Lambda$276
instanceKlass org/elasticsearch/search/SearchModule$$Lambda$275
instanceKlass org/elasticsearch/search/SearchModule$$Lambda$274
instanceKlass org/elasticsearch/search/SearchModule$$Lambda$273
instanceKlass org/elasticsearch/index/query/InnerHitContextBuilder
instanceKlass org/elasticsearch/search/SearchModule$$Lambda$272
instanceKlass org/elasticsearch/search/SearchModule$$Lambda$271
instanceKlass org/elasticsearch/search/SearchModule$$Lambda$270
instanceKlass org/elasticsearch/search/SearchModule$$Lambda$269
instanceKlass org/elasticsearch/search/SearchModule$$Lambda$268
instanceKlass org/elasticsearch/search/SearchModule$$Lambda$267
instanceKlass org/elasticsearch/search/SearchModule$$Lambda$266
instanceKlass org/elasticsearch/search/SearchModule$$Lambda$265
instanceKlass org/elasticsearch/index/query/QueryParser
instanceKlass org/elasticsearch/search/SearchModule$$Lambda$264
instanceKlass org/elasticsearch/index/query/QueryBuilder
instanceKlass org/elasticsearch/search/SearchModule$$Lambda$263
instanceKlass org/elasticsearch/search/SearchModule$$Lambda$262
instanceKlass org/elasticsearch/search/SearchModule$$Lambda$261
instanceKlass org/elasticsearch/search/SearchModule$$Lambda$260
instanceKlass org/elasticsearch/search/SearchModule$$Lambda$259
instanceKlass org/elasticsearch/search/SearchModule$$Lambda$258
instanceKlass org/elasticsearch/search/SearchModule$$Lambda$257
instanceKlass org/elasticsearch/index/query/functionscore/ExponentialDecayFunctionBuilder$ExponentialDecayScoreFunction
instanceKlass org/elasticsearch/index/query/functionscore/ExponentialDecayFunctionBuilder$$Lambda$256
instanceKlass org/elasticsearch/search/SearchModule$$Lambda$255
instanceKlass org/elasticsearch/index/query/functionscore/LinearDecayFunctionBuilder$LinearDecayScoreFunction
instanceKlass org/elasticsearch/index/query/functionscore/LinearDecayFunctionBuilder$$Lambda$254
instanceKlass org/elasticsearch/search/SearchModule$$Lambda$253
instanceKlass org/elasticsearch/index/query/functionscore/GaussDecayFunctionBuilder$GaussScoreFunction
instanceKlass org/elasticsearch/index/query/functionscore/GaussDecayFunctionBuilder$$Lambda$252
instanceKlass java/lang/invoke/LambdaForm$DMH
instanceKlass org/elasticsearch/index/query/functionscore/DecayFunctionParser
instanceKlass org/apache/lucene/index/NumericDocValues
instanceKlass org/apache/lucene/index/SortedSetDocValues
instanceKlass org/elasticsearch/index/fielddata/NumericDoubleValues
instanceKlass org/apache/lucene/index/BinaryDocValues
instanceKlass org/elasticsearch/search/SearchModule$$Lambda$251
instanceKlass org/elasticsearch/index/query/functionscore/DecayFunction
instanceKlass org/elasticsearch/search/SearchModule$$Lambda$250
instanceKlass org/elasticsearch/search/SearchModule$$Lambda$249
instanceKlass org/elasticsearch/index/query/functionscore/ScoreFunctionParser
instanceKlass org/elasticsearch/index/query/QueryParseContext
instanceKlass org/elasticsearch/search/SearchModule$$Lambda$248
instanceKlass org/elasticsearch/common/lucene/search/function/ScoreFunction
instanceKlass org/elasticsearch/index/query/functionscore/ScoreFunctionBuilder
instanceKlass org/elasticsearch/search/SearchModule$$Lambda$247
instanceKlass org/apache/lucene/search/uhighlight/PassageFormatter
instanceKlass org/elasticsearch/search/fetch/subphase/highlight/UnifiedHighlighter
instanceKlass org/elasticsearch/search/fetch/subphase/highlight/PostingsHighlighter
instanceKlass org/apache/lucene/search/highlight/Formatter
instanceKlass org/apache/lucene/search/highlight/Fragmenter
instanceKlass org/apache/lucene/search/highlight/QueryScorer
instanceKlass org/apache/lucene/search/highlight/Scorer
instanceKlass org/elasticsearch/search/fetch/subphase/highlight/PlainHighlighter
instanceKlass org/elasticsearch/common/NamedRegistry
instanceKlass org/elasticsearch/search/SearchModule$$Lambda$246
instanceKlass org/elasticsearch/search/SearchModule$$Lambda$245
instanceKlass org/elasticsearch/search/SearchModule$$Lambda$244
instanceKlass org/elasticsearch/search/SearchModule$$Lambda$243
instanceKlass org/elasticsearch/search/SearchModule$$Lambda$242
instanceKlass org/elasticsearch/search/SearchModule$$Lambda$241
instanceKlass org/elasticsearch/search/suggest/phrase/PhraseSuggestionBuilder$CandidateGenerator
instanceKlass org/elasticsearch/search/SearchModule$$Lambda$240
instanceKlass org/elasticsearch/search/SearchModule$$Lambda$239
instanceKlass org/elasticsearch/search/suggest/SuggestionSearchContext$SuggestionContext
instanceKlass org/elasticsearch/search/suggest/SuggestionBuilder
instanceKlass org/elasticsearch/plugins/SearchPlugin$SearchExtensionSpec
instanceKlass org/elasticsearch/search/SearchModule$$Lambda$238
instanceKlass org/elasticsearch/search/SearchModule$$Lambda$237
instanceKlass org/elasticsearch/search/SearchModule$$Lambda$236
instanceKlass org/elasticsearch/search/suggest/phrase/WordScorer
instanceKlass org/elasticsearch/search/suggest/phrase/SmoothingModel
instanceKlass org/elasticsearch/common/xcontent/ParseFieldRegistry
instanceKlass org/elasticsearch/plugins/PluginsService$$Lambda$235
instanceKlass org/elasticsearch/plugins/PluginsService$$Lambda$234
instanceKlass org/elasticsearch/ExceptionsHelper
instanceKlass org/elasticsearch/common/Booleans
instanceKlass java/util/function/Predicate$$Lambda$233
instanceKlass org/elasticsearch/common/settings/SettingsModule$$Lambda$232
instanceKlass org/elasticsearch/common/settings/ClusterSettings$LoggingSettingUpdater$$Lambda$231
instanceKlass org/elasticsearch/common/settings/ClusterSettings$LoggingSettingUpdater
instanceKlass org/elasticsearch/common/regex/Regex
instanceKlass org/elasticsearch/common/settings/IndexScopedSettings$$Lambda$230
instanceKlass org/elasticsearch/index/engine/EngineConfig$$Lambda$229
instanceKlass org/elasticsearch/index/engine/EngineConfig
instanceKlass org/elasticsearch/index/store/FsDirectoryService$$Lambda$228
instanceKlass org/elasticsearch/index/cache/query/QueryCache
instanceKlass org/elasticsearch/index/IndexModule
instanceKlass org/apache/lucene/search/join/BitSetProducer
instanceKlass org/elasticsearch/index/IndexWarmer$Listener
instanceKlass org/apache/lucene/index/IndexReaderContext
instanceKlass org/apache/lucene/index/LeafReader$CoreClosedListener
instanceKlass org/apache/lucene/analysis/Analyzer
instanceKlass org/elasticsearch/index/fielddata/IndexFieldDataService$1
instanceKlass org/elasticsearch/index/fielddata/IndexFieldDataService$$Lambda$227
instanceKlass org/elasticsearch/index/fielddata/IndexFieldDataService$$Lambda$226
instanceKlass org/elasticsearch/common/joda/FormatDateTimeFormatter
instanceKlass org/joda/time/DurationField
instanceKlass org/joda/time/format/DateTimePrinter
instanceKlass org/elasticsearch/common/joda/Joda
instanceKlass org/elasticsearch/cluster/routing/UnassignedInfo
instanceKlass org/elasticsearch/index/MergePolicyConfig$$Lambda$225
instanceKlass java/lang/invoke/LambdaForm$DMH
instanceKlass java/lang/invoke/LambdaForm$DMH
instanceKlass org/apache/lucene/index/MergePolicy
instanceKlass org/elasticsearch/index/MergePolicyConfig
instanceKlass org/elasticsearch/index/IndexingSlowLog$$Lambda$224
instanceKlass org/elasticsearch/index/IndexingSlowLog$$Lambda$223
instanceKlass org/elasticsearch/index/IndexingSlowLog
instanceKlass org/elasticsearch/index/SearchSlowLog$$Lambda$222
instanceKlass org/elasticsearch/index/SearchSlowLog
instanceKlass org/elasticsearch/index/shard/SearchOperationListener
instanceKlass org/elasticsearch/cluster/metadata/IndexMetaData$$Lambda$221
instanceKlass org/elasticsearch/action/support/ActiveShardCount
instanceKlass org/elasticsearch/cluster/metadata/AutoExpandReplicas$$Lambda$220
instanceKlass org/elasticsearch/cluster/metadata/AutoExpandReplicas
instanceKlass org/elasticsearch/cluster/metadata/IndexMetaData
instanceKlass org/elasticsearch/index/MergeSchedulerConfig$$Lambda$219
instanceKlass org/elasticsearch/index/MergeSchedulerConfig$$Lambda$218
instanceKlass org/elasticsearch/index/MergeSchedulerConfig$$Lambda$217
instanceKlass org/elasticsearch/index/MergeSchedulerConfig$$Lambda$216
instanceKlass org/elasticsearch/index/MergeSchedulerConfig
instanceKlass org/elasticsearch/index/store/IndexStore$$Lambda$215
instanceKlass org/elasticsearch/index/store/IndexStore$IndexRateLimitingType
instanceKlass org/apache/lucene/store/StoreRateLimiting$Provider
instanceKlass org/apache/lucene/store/StoreRateLimiting$Listener
instanceKlass org/elasticsearch/index/shard/AbstractIndexShardComponent
instanceKlass org/elasticsearch/index/shard/IndexShardComponent
instanceKlass org/elasticsearch/index/AbstractIndexComponent
instanceKlass org/elasticsearch/common/settings/IndexScopedSettings$$Lambda$214
instanceKlass org/elasticsearch/ingest/TemplateService
instanceKlass org/elasticsearch/ingest/IngestService
instanceKlass java/text/BreakIterator$BreakIteratorCache
instanceKlass sun/text/SupplementaryCharacterData
instanceKlass sun/text/CompactByteArray
instanceKlass sun/util/locale/provider/RuleBasedBreakIterator$1
instanceKlass java/text/BreakIterator
instanceKlass org/apache/lucene/search/vectorhighlight/BreakIteratorBoundaryScanner
instanceKlass org/apache/lucene/search/vectorhighlight/SimpleBoundaryScanner
instanceKlass org/apache/lucene/search/vectorhighlight/FieldFragList
instanceKlass org/apache/lucene/index/IndexReader
instanceKlass org/apache/lucene/search/vectorhighlight/BaseFragmentsBuilder
instanceKlass org/apache/lucene/search/vectorhighlight/FragmentsBuilder
instanceKlass org/apache/lucene/search/vectorhighlight/FragListBuilder
instanceKlass org/apache/lucene/search/vectorhighlight/FieldQuery
instanceKlass org/apache/lucene/search/vectorhighlight/BoundaryScanner
instanceKlass org/elasticsearch/search/fetch/subphase/highlight/FastVectorHighlighter
instanceKlass org/elasticsearch/search/fetch/subphase/highlight/Highlighter
instanceKlass org/elasticsearch/search/aggregations/BaseAggregationBuilder
instanceKlass org/elasticsearch/search/fetch/FetchSubPhase
instanceKlass org/elasticsearch/search/aggregations/pipeline/PipelineAggregator$Parser
instanceKlass org/elasticsearch/search/SearchModule
instanceKlass java/lang/invoke/LambdaForm$MH
instanceKlass org/elasticsearch/common/settings/Setting$$Lambda$213
instanceKlass org/elasticsearch/common/settings/Setting$$Lambda$212
instanceKlass org/elasticsearch/index/engine/Engine$Operation
instanceKlass org/elasticsearch/index/engine/Engine$Result
instanceKlass org/elasticsearch/index/shard/IndexingOperationListener
instanceKlass org/elasticsearch/bootstrap/BootstrapSettings
instanceKlass org/elasticsearch/common/util/PageCacheRecycler$$Lambda$211
instanceKlass org/elasticsearch/common/recycler/Recycler$C
instanceKlass java/lang/invoke/LambdaForm$MH
instanceKlass java/lang/invoke/LambdaForm$DMH
instanceKlass java/lang/invoke/LambdaForm$DMH
instanceKlass org/elasticsearch/common/settings/Setting$$Lambda$210
instanceKlass java/lang/invoke/LambdaForm$DMH
instanceKlass org/elasticsearch/common/settings/Setting$$Lambda$209
instanceKlass org/elasticsearch/common/util/SingleObjectCache
instanceKlass org/elasticsearch/tribe/TribeService$$Lambda$208
instanceKlass org/elasticsearch/common/inject/AbstractModule
instanceKlass org/elasticsearch/rest/RestHandler
instanceKlass org/elasticsearch/action/support/AutoCreateIndex$$Lambda$207
instanceKlass org/elasticsearch/action/support/AutoCreateIndex$AutoCreate
instanceKlass org/elasticsearch/action/support/AutoCreateIndex
instanceKlass org/elasticsearch/repositories/uri/URLRepository$$Lambda$206
instanceKlass org/elasticsearch/repositories/uri/URLRepository$$Lambda$205
instanceKlass org/elasticsearch/repositories/uri/URLRepository$$Lambda$204
instanceKlass org/elasticsearch/repositories/uri/URLRepository$$Lambda$203
instanceKlass org/elasticsearch/common/util/URIPattern
instanceKlass org/elasticsearch/common/util/concurrent/AbstractRunnable
instanceKlass org/elasticsearch/discovery/zen/ZenDiscovery$$Lambda$202
instanceKlass org/elasticsearch/discovery/zen/ZenDiscovery$$Lambda$201
instanceKlass org/elasticsearch/discovery/zen/NodeJoinController$ElectionCallback
instanceKlass org/elasticsearch/discovery/zen/ZenPing
instanceKlass org/elasticsearch/cluster/ClusterStateTaskExecutor
instanceKlass org/elasticsearch/discovery/zen/MembershipAction$MembershipListener
instanceKlass org/elasticsearch/discovery/zen/PublishClusterStateAction$NewPendingClusterStateListener
instanceKlass org/elasticsearch/discovery/zen/NodesFaultDetection$Listener
instanceKlass org/elasticsearch/discovery/zen/MasterFaultDetection$Listener
instanceKlass org/elasticsearch/discovery/zen/PingContextProvider
instanceKlass org/elasticsearch/discovery/DiscoveryModule$$Lambda$200
instanceKlass java/util/Optional
instanceKlass org/elasticsearch/discovery/Discovery
instanceKlass org/elasticsearch/discovery/DiscoveryModule
instanceKlass org/elasticsearch/env/ShardLock
instanceKlass org/apache/lucene/store/LockFactory
instanceKlass org/elasticsearch/env/NodeEnvironment
instanceKlass java/nio/file/FileStore
instanceKlass sun/nio/fs/WindowsFileSystem$FileStoreIterator
instanceKlass sun/nio/fs/WindowsFileSystem$1
instanceKlass org/elasticsearch/common/io/PathUtils
instanceKlass org/elasticsearch/env/Environment
instanceKlass com/carrotsearch/hppc/ObjectSet
instanceKlass org/apache/lucene/index/IndexReader$ReaderClosedListener
instanceKlass org/elasticsearch/common/cache/CacheLoader
instanceKlass org/elasticsearch/common/settings/Setting$$Lambda$199
instanceKlass org/elasticsearch/common/settings/Setting$$Lambda$198
instanceKlass org/elasticsearch/index/fielddata/IndexFieldDataCache
instanceKlass java/util/function/ToLongBiFunction
instanceKlass org/elasticsearch/indices/IndicesRequestCache$CacheEntity
instanceKlass org/elasticsearch/indices/cluster/IndicesClusterStateService$Shard
instanceKlass org/elasticsearch/indices/cluster/IndicesClusterStateService$AllocatedIndex
instanceKlass org/elasticsearch/index/IndexComponent
instanceKlass org/elasticsearch/index/fielddata/IndexFieldDataCache$Listener
instanceKlass org/elasticsearch/index/IndexService$ShardStoreDeleter
instanceKlass org/elasticsearch/indices/cluster/IndicesClusterStateService$AllocatedIndices
instanceKlass org/elasticsearch/cluster/ClusterStateTaskConfig
instanceKlass org/elasticsearch/watcher/ResourceWatcher
instanceKlass org/elasticsearch/common/cache/RemovalListener
instanceKlass org/elasticsearch/gateway/PrimaryShardAllocator$$Lambda$197
instanceKlass java/lang/invoke/LambdaForm$DMH
instanceKlass java/util/Collections$ReverseComparator2
instanceKlass java/util/Comparator$$Lambda$196
instanceKlass java/lang/invoke/LambdaForm$DMH
instanceKlass org/elasticsearch/gateway/PrimaryShardAllocator$$Lambda$195
instanceKlass org/elasticsearch/gateway/PrimaryShardAllocator$$Lambda$194
instanceKlass org/elasticsearch/gateway/PrimaryShardAllocator$$Lambda$193
instanceKlass org/elasticsearch/gateway/PrimaryShardAllocator$$Lambda$192
instanceKlass org/elasticsearch/common/settings/Setting$$Lambda$191
instanceKlass org/elasticsearch/index/IndexSettings$$Lambda$190
instanceKlass org/elasticsearch/index/IndexSettings$$Lambda$189
instanceKlass org/elasticsearch/index/IndexSettings
instanceKlass org/elasticsearch/transport/TransportSettings
instanceKlass org/elasticsearch/cluster/ack/AckedRequest
instanceKlass org/elasticsearch/transport/TransportService$2
instanceKlass org/elasticsearch/transport/TransportServiceAdapter
instanceKlass org/elasticsearch/transport/TransportConnectionListener
instanceKlass org/elasticsearch/transport/TransportFuture
instanceKlass org/elasticsearch/transport/TransportResponseHandler
instanceKlass org/elasticsearch/transport/RemoteClusterAware$$Lambda$188
instanceKlass org/elasticsearch/transport/RemoteClusterAware$$Lambda$187
instanceKlass java/lang/invoke/LambdaForm$MH
instanceKlass java/lang/invoke/LambdaForm$DMH
instanceKlass org/elasticsearch/common/settings/Setting$$Lambda$186
instanceKlass java/lang/invoke/LambdaForm$DMH
instanceKlass java/lang/invoke/LambdaForm$MH
instanceKlass java/lang/invoke/LambdaForm$DMH
instanceKlass java/lang/invoke/LambdaForm$DMH
instanceKlass org/elasticsearch/common/settings/Setting$$Lambda$185
instanceKlass java/lang/invoke/LambdaForm$DMH
instanceKlass org/elasticsearch/action/search/SearchPhase
instanceKlass org/elasticsearch/common/CheckedRunnable
instanceKlass org/elasticsearch/action/search/SearchPhaseContext
instanceKlass org/elasticsearch/script/ScriptContext
instanceKlass org/elasticsearch/search/rescore/RescoreSearchContext
instanceKlass org/elasticsearch/common/util/concurrent/AbstractRefCounted
instanceKlass org/elasticsearch/common/util/concurrent/RefCounted
instanceKlass org/elasticsearch/index/shard/IndexEventListener
instanceKlass org/elasticsearch/indices/breaker/HierarchyCircuitBreakerService$$Lambda$184
instanceKlass org/elasticsearch/indices/breaker/HierarchyCircuitBreakerService$$Lambda$183
instanceKlass org/elasticsearch/indices/breaker/HierarchyCircuitBreakerService$$Lambda$182
instanceKlass java/lang/invoke/LambdaForm$MH
instanceKlass java/lang/invoke/LambdaForm$DMH
instanceKlass org/elasticsearch/common/settings/Setting$$Lambda$181
instanceKlass java/lang/invoke/LambdaForm$DMH
instanceKlass java/lang/invoke/LambdaForm$MH
instanceKlass java/lang/invoke/LambdaForm$DMH
instanceKlass java/lang/invoke/LambdaForm$DMH
instanceKlass org/elasticsearch/common/settings/Setting$$Lambda$180
instanceKlass java/lang/invoke/LambdaForm$DMH
instanceKlass org/elasticsearch/http/HttpTransportSettings$$Lambda$179
instanceKlass org/elasticsearch/common/transport/PortsRange$PortCallback
instanceKlass org/elasticsearch/common/transport/PortsRange
instanceKlass org/elasticsearch/http/HttpTransportSettings$$Lambda$178
instanceKlass org/elasticsearch/http/HttpTransportSettings$$Lambda$177
instanceKlass org/elasticsearch/http/HttpTransportSettings$$Lambda$176
instanceKlass org/elasticsearch/http/HttpTransportSettings
instanceKlass org/elasticsearch/gateway/Gateway$GatewayStateRecoveredListener
instanceKlass org/elasticsearch/cluster/routing/allocation/decider/ThrottlingAllocationDecider$$Lambda$175
instanceKlass org/elasticsearch/cluster/routing/allocation/decider/ThrottlingAllocationDecider$$Lambda$174
instanceKlass org/elasticsearch/cluster/routing/allocation/decider/ThrottlingAllocationDecider$$Lambda$173
instanceKlass org/elasticsearch/cluster/routing/allocation/decider/ThrottlingAllocationDecider$$Lambda$172
instanceKlass org/elasticsearch/cluster/routing/allocation/decider/ThrottlingAllocationDecider$$Lambda$171
instanceKlass org/apache/lucene/store/Directory
instanceKlass org/apache/lucene/store/DataInput
instanceKlass org/apache/lucene/store/DataOutput
instanceKlass org/elasticsearch/common/xcontent/ToXContent$MapParams
instanceKlass org/elasticsearch/cluster/AckedClusterStateTaskListener
instanceKlass org/elasticsearch/cluster/service/ClusterService$SafeClusterStateTaskListener
instanceKlass org/elasticsearch/cluster/ClusterStateTaskListener
instanceKlass org/elasticsearch/discovery/DiscoverySettings$$Lambda$170
instanceKlass org/elasticsearch/discovery/DiscoverySettings$$Lambda$169
instanceKlass org/elasticsearch/discovery/DiscoverySettings$$Lambda$168
instanceKlass org/elasticsearch/cluster/LocalNodeMasterListener
instanceKlass org/elasticsearch/cluster/routing/allocation/DiskThresholdSettings$$Lambda$167
instanceKlass org/elasticsearch/cluster/routing/allocation/DiskThresholdSettings$$Lambda$166
instanceKlass org/elasticsearch/cluster/routing/allocation/DiskThresholdSettings
instanceKlass org/elasticsearch/indices/recovery/RecoverySettings$$Lambda$165
instanceKlass org/elasticsearch/indices/recovery/RecoverySettings$$Lambda$164
instanceKlass org/elasticsearch/cluster/DiffableUtils$DiffableValueSerializer
instanceKlass org/elasticsearch/cluster/DiffableUtils$ValueSerializer
instanceKlass com/carrotsearch/hppc/cursors/ObjectCursor
instanceKlass com/carrotsearch/hppc/AbstractIterator
instanceKlass com/carrotsearch/hppc/predicates/ObjectObjectPredicate
instanceKlass com/carrotsearch/hppc/predicates/ObjectPredicate
instanceKlass com/carrotsearch/hppc/AbstractObjectCollection
instanceKlass org/elasticsearch/cluster/metadata/IndexGraveyard$Builder
instanceKlass org/elasticsearch/common/xcontent/AbstractObjectParser$$Lambda$163
instanceKlass org/elasticsearch/cluster/metadata/IndexGraveyard$Tombstone$$Lambda$162
instanceKlass org/elasticsearch/cluster/metadata/IndexGraveyard$Tombstone$$Lambda$161
instanceKlass org/elasticsearch/common/xcontent/AbstractObjectParser$$Lambda$160
instanceKlass org/elasticsearch/cluster/metadata/IndexGraveyard$Tombstone$$Lambda$159
instanceKlass java/lang/invoke/LambdaForm$DMH
instanceKlass org/elasticsearch/common/xcontent/AbstractObjectParser$$Lambda$158
instanceKlass org/elasticsearch/cluster/metadata/IndexGraveyard$Tombstone$$Lambda$157
instanceKlass java/lang/invoke/LambdaForm$DMH
instanceKlass org/elasticsearch/cluster/metadata/IndexGraveyard$Tombstone$$Lambda$156
instanceKlass java/lang/invoke/LambdaForm$DMH
instanceKlass org/elasticsearch/index/Index
instanceKlass org/elasticsearch/cluster/metadata/IndexGraveyard$Tombstone$$Lambda$155
instanceKlass org/elasticsearch/cluster/metadata/IndexGraveyard$Tombstone$Builder
instanceKlass org/elasticsearch/cluster/metadata/IndexGraveyard$Tombstone
instanceKlass org/elasticsearch/cluster/metadata/IndexGraveyard$$Lambda$154
instanceKlass org/elasticsearch/cluster/metadata/IndexGraveyard$$Lambda$153
instanceKlass org/elasticsearch/cluster/NamedDiff
instanceKlass org/elasticsearch/cluster/metadata/IndexGraveyard
instanceKlass org/elasticsearch/common/collect/ImmutableOpenMap$Builder
instanceKlass com/carrotsearch/hppc/BitUtil
instanceKlass java/lang/StrictMath
instanceKlass com/carrotsearch/hppc/HashContainers
instanceKlass com/carrotsearch/hppc/BitMixer
instanceKlass com/carrotsearch/hppc/Containers$1
instanceKlass com/carrotsearch/hppc/Containers
instanceKlass com/carrotsearch/hppc/RandomizedHashOrderMixer
instanceKlass com/carrotsearch/hppc/HashOrderMixing$4
instanceKlass com/carrotsearch/hppc/HashOrderMixing$1
instanceKlass com/carrotsearch/hppc/HashOrderMixingStrategy
instanceKlass com/carrotsearch/hppc/HashOrderMixing
instanceKlass com/carrotsearch/hppc/ObjectCollection
instanceKlass com/carrotsearch/hppc/ObjectObjectHashMap
instanceKlass com/carrotsearch/hppc/Preallocable
instanceKlass com/carrotsearch/hppc/ObjectObjectMap
instanceKlass com/carrotsearch/hppc/ObjectObjectAssociativeContainer
instanceKlass org/elasticsearch/common/collect/ImmutableOpenMap
instanceKlass org/elasticsearch/cluster/metadata/MetaData$Custom
instanceKlass org/elasticsearch/cluster/NamedDiffable
instanceKlass org/elasticsearch/cluster/metadata/MetaData$Builder
instanceKlass org/elasticsearch/cluster/block/ClusterBlock
instanceKlass org/elasticsearch/cluster/Diff
instanceKlass com/carrotsearch/hppc/ObjectLookupContainer
instanceKlass com/carrotsearch/hppc/ObjectContainer
instanceKlass org/elasticsearch/gateway/MetaDataStateFormat
instanceKlass org/elasticsearch/cluster/metadata/MetaData
instanceKlass org/elasticsearch/cluster/Diffable
instanceKlass org/apache/lucene/search/Collector
instanceKlass org/elasticsearch/common/settings/Setting$$Lambda$152
instanceKlass org/elasticsearch/common/settings/Setting$$Lambda$151
instanceKlass org/apache/lucene/search/Weight
instanceKlass org/apache/lucene/search/LRUQueryCache
instanceKlass org/apache/lucene/search/QueryCache
instanceKlass org/elasticsearch/index/store/IndexStoreConfig$$Lambda$150
instanceKlass org/elasticsearch/index/store/IndexStoreConfig
instanceKlass org/elasticsearch/common/blobstore/BlobStore
instanceKlass org/apache/lucene/store/RateLimiter
instanceKlass org/elasticsearch/repositories/blobstore/BlobStoreFormat
instanceKlass org/elasticsearch/repositories/Repository
instanceKlass org/elasticsearch/cluster/node/DiscoveryNodeFilters$$Lambda$149
instanceKlass org/elasticsearch/cluster/node/DiscoveryNodeFilters
instanceKlass org/elasticsearch/cluster/routing/allocation/decider/EnableAllocationDecider$$Lambda$148
instanceKlass org/elasticsearch/cluster/routing/allocation/decider/EnableAllocationDecider$$Lambda$147
instanceKlass org/elasticsearch/cluster/routing/allocation/decider/EnableAllocationDecider$$Lambda$146
instanceKlass org/elasticsearch/cluster/routing/allocation/decider/EnableAllocationDecider$$Lambda$145
instanceKlass org/elasticsearch/cluster/routing/allocation/decider/ClusterRebalanceAllocationDecider$$Lambda$144
instanceKlass java/lang/invoke/LambdaForm$MH
instanceKlass java/lang/invoke/LambdaForm$DMH
instanceKlass org/elasticsearch/common/settings/Setting$$Lambda$143
instanceKlass java/lang/invoke/LambdaForm$DMH
instanceKlass java/lang/invoke/LambdaForm$MH
instanceKlass java/lang/invoke/LambdaForm$DMH
instanceKlass java/lang/invoke/LambdaForm$DMH
instanceKlass org/elasticsearch/common/settings/Setting$$Lambda$142
instanceKlass java/lang/invoke/LambdaForm$DMH
instanceKlass org/elasticsearch/cluster/routing/allocation/allocator/ShardsAllocator
instanceKlass org/elasticsearch/cluster/routing/allocation/decider/AwarenessAllocationDecider$$Lambda$141
instanceKlass org/elasticsearch/common/settings/SettingsModule$$Lambda$140
instanceKlass java/lang/invoke/LambdaForm$DMH
instanceKlass java/lang/invoke/LambdaForm$DMH
instanceKlass org/elasticsearch/common/settings/SettingsModule
instanceKlass org/elasticsearch/common/inject/Module
instanceKlass org/elasticsearch/plugins/PluginsService$$Lambda$139
instanceKlass org/apache/lucene/search/Query
instanceKlass org/elasticsearch/action/fieldstats/FieldStats
instanceKlass org/apache/lucene/index/IndexableField
instanceKlass org/elasticsearch/index/query/QueryRewriteContext
instanceKlass org/apache/lucene/document/FieldType
instanceKlass org/apache/lucene/index/IndexableFieldType
instanceKlass org/elasticsearch/index/mapper/Mapper
instanceKlass java/util/Collections$2
instanceKlass org/apache/http/client/CredentialsProvider
instanceKlass org/apache/http/auth/Credentials
instanceKlass org/elasticsearch/transport/TransportRequestHandler
instanceKlass org/elasticsearch/transport/netty4/Netty4Transport$$Lambda$138
instanceKlass org/elasticsearch/transport/netty4/Netty4Transport$$Lambda$137
instanceKlass io/netty/util/concurrent/GenericFutureListener
instanceKlass org/elasticsearch/http/netty4/Netty4HttpServerTransport$$Lambda$136
instanceKlass org/elasticsearch/http/netty4/Netty4HttpServerTransport$$Lambda$135
instanceKlass io/netty/channel/ChannelHandler
instanceKlass io/netty/channel/EventLoopGroup
instanceKlass io/netty/util/concurrent/EventExecutorGroup
instanceKlass io/netty/channel/RecvByteBufAllocator
instanceKlass java/util/Spliterators$ArraySpliterator
instanceKlass java/util/Spliterator$OfDouble
instanceKlass java/util/Spliterator$OfLong
instanceKlass java/util/Spliterator$OfInt
instanceKlass java/util/Spliterator$OfPrimitive
instanceKlass java/util/Spliterators$EmptySpliterator
instanceKlass java/util/Spliterators
instanceKlass org/elasticsearch/transport/netty3/Netty3Transport$$Lambda$134
instanceKlass org/elasticsearch/transport/netty3/Netty3Transport$$Lambda$133
instanceKlass org/elasticsearch/transport/netty3/Netty3Transport$$Lambda$132
instanceKlass org/jboss/netty/channel/socket/nio/WorkerPool
instanceKlass org/jboss/netty/channel/socket/nio/NioSelectorPool
instanceKlass org/jboss/netty/util/Timer
instanceKlass org/elasticsearch/http/netty3/Netty3HttpServerTransport$$Lambda$131
instanceKlass java/lang/invoke/LambdaForm$BMH
instanceKlass org/elasticsearch/http/netty3/Netty3HttpServerTransport$$Lambda$130
instanceKlass org/elasticsearch/http/netty3/Netty3HttpServerTransport$$Lambda$129
instanceKlass org/jboss/netty/channel/ChannelPipelineFactory
instanceKlass org/jboss/netty/channel/ReceiveBufferSizePredictorFactory
instanceKlass org/elasticsearch/plugins/PluginsService$$Lambda$128
instanceKlass org/elasticsearch/common/network/IfConfig
instanceKlass org/elasticsearch/client/transport/TransportClient$$Lambda$127
instanceKlass org/elasticsearch/common/unit/SizeValue
instanceKlass org/elasticsearch/common/util/concurrent/EsExecutors$ForceQueuePolicy
instanceKlass org/elasticsearch/common/unit/TimeValue$1
instanceKlass org/elasticsearch/threadpool/ThreadPool$ExecutorHolder
instanceKlass org/elasticsearch/threadpool/ThreadPool$Info
instanceKlass java/util/concurrent/atomic/Striped64$Cell
instanceKlass org/elasticsearch/common/metrics/CounterMetric
instanceKlass org/elasticsearch/common/metrics/Metric
instanceKlass org/elasticsearch/common/util/concurrent/EsAbortPolicy
instanceKlass java/util/concurrent/LinkedTransferQueue$Node
instanceKlass java/util/concurrent/TransferQueue
instanceKlass org/elasticsearch/common/util/concurrent/ConcurrentMapLong
instanceKlass org/elasticsearch/common/util/concurrent/ConcurrentCollections
instanceKlass org/elasticsearch/common/util/concurrent/EsExecutors$EsThreadFactory
instanceKlass org/apache/lucene/util/CloseableThreadLocal
instanceKlass java/util/stream/Collectors$$Lambda$126
instanceKlass java/util/stream/Collectors$$Lambda$125
instanceKlass java/util/stream/Collectors$$Lambda$124
instanceKlass org/elasticsearch/common/settings/Settings$$Lambda$123
instanceKlass org/elasticsearch/common/settings/Settings$FilteredMap$1$1
instanceKlass java/util/stream/ReduceOps$8ReducingSink
instanceKlass java/util/stream/Sink$OfLong
instanceKlass java/util/function/LongConsumer
instanceKlass java/util/stream/LongPipeline$$Lambda$122
instanceKlass java/util/function/LongBinaryOperator
instanceKlass java/lang/invoke/LambdaForm$DMH
instanceKlass java/util/stream/LongStream
instanceKlass java/util/stream/ReferencePipeline$$Lambda$121
instanceKlass java/util/function/ToLongFunction
instanceKlass org/elasticsearch/common/settings/Settings$FilteredMap$$Lambda$120
instanceKlass java/lang/invoke/LambdaForm$DMH
instanceKlass org/elasticsearch/common/settings/Settings$$Lambda$119
instanceKlass org/elasticsearch/common/util/concurrent/ThreadContext$ThreadContextStruct
instanceKlass org/elasticsearch/common/settings/Setting$$Lambda$118
instanceKlass org/elasticsearch/common/util/concurrent/ThreadContext
instanceKlass java/lang/invoke/LambdaForm$MH
instanceKlass org/elasticsearch/threadpool/FixedExecutorBuilder$$Lambda$117
instanceKlass org/elasticsearch/threadpool/FixedExecutorBuilder$$Lambda$116
instanceKlass java/util/StringJoiner
instanceKlass org/elasticsearch/threadpool/ExecutorBuilder$ExecutorSettings
instanceKlass org/elasticsearch/threadpool/ExecutorBuilder
instanceKlass org/elasticsearch/common/util/concurrent/XRejectedExecutionHandler
instanceKlass org/elasticsearch/common/util/concurrent/EsExecutors
instanceKlass org/apache/lucene/util/Counter
instanceKlass org/elasticsearch/threadpool/ThreadPool$Cancellable
instanceKlass org/elasticsearch/common/network/NetworkModule$$Lambda$115
instanceKlass org/elasticsearch/tasks/RawTaskStatus
instanceKlass org/elasticsearch/common/network/NetworkModule$$Lambda$114
instanceKlass org/elasticsearch/action/support/replication/ReplicationTask$Status
instanceKlass org/elasticsearch/tasks/Task$Status
instanceKlass org/elasticsearch/common/network/NetworkModule$$Lambda$113
instanceKlass org/elasticsearch/common/network/NetworkModule$$Lambda$112
instanceKlass org/elasticsearch/common/xcontent/AbstractObjectParser$$Lambda$111
instanceKlass java/lang/invoke/LambdaForm$DMH
instanceKlass org/elasticsearch/cluster/routing/allocation/command/BasePrimaryAllocationCommand$$Lambda$110
instanceKlass org/elasticsearch/common/network/NetworkModule$$Lambda$109
instanceKlass org/elasticsearch/common/network/NetworkModule$$Lambda$108
instanceKlass org/elasticsearch/cluster/routing/RecoverySource
instanceKlass org/elasticsearch/cluster/routing/allocation/command/AbstractAllocateAllocationCommand$$Lambda$107
instanceKlass org/elasticsearch/common/xcontent/AbstractObjectParser$$Lambda$106
instanceKlass org/elasticsearch/cluster/routing/allocation/command/AbstractAllocateAllocationCommand$$Lambda$105
instanceKlass java/lang/invoke/LambdaForm$DMH
instanceKlass org/elasticsearch/common/xcontent/ObjectParser$FieldParser
instanceKlass org/elasticsearch/common/xcontent/ObjectParser$$Lambda$104
instanceKlass org/elasticsearch/common/xcontent/ObjectParser$Parser
instanceKlass java/lang/invoke/LambdaForm$DMH
instanceKlass org/elasticsearch/common/xcontent/AbstractObjectParser$$Lambda$103
instanceKlass org/elasticsearch/common/xcontent/AbstractObjectParser$$Lambda$102
instanceKlass java/lang/invoke/LambdaForm$DMH
instanceKlass org/elasticsearch/cluster/routing/allocation/command/AbstractAllocateAllocationCommand$$Lambda$101
instanceKlass java/lang/invoke/LambdaForm$DMH
instanceKlass org/elasticsearch/cluster/routing/allocation/command/AbstractAllocateAllocationCommand$Builder
instanceKlass org/elasticsearch/common/xcontent/AbstractObjectParser
instanceKlass org/elasticsearch/common/network/NetworkModule$$Lambda$100
instanceKlass org/elasticsearch/common/network/NetworkModule$$Lambda$99
instanceKlass org/elasticsearch/cluster/routing/allocation/command/AbstractAllocateAllocationCommand
instanceKlass org/elasticsearch/common/network/NetworkModule$$Lambda$98
instanceKlass org/elasticsearch/common/network/NetworkModule$$Lambda$97
instanceKlass org/elasticsearch/cluster/routing/allocation/command/MoveAllocationCommand
instanceKlass org/elasticsearch/common/io/stream/NamedWriteableRegistry$Entry
instanceKlass org/elasticsearch/common/xcontent/NamedXContentRegistry$Entry$$Lambda$96
instanceKlass org/elasticsearch/common/xcontent/ContextParser
instanceKlass org/elasticsearch/common/xcontent/NamedXContentRegistry$Entry
instanceKlass org/elasticsearch/common/ParseField
instanceKlass org/elasticsearch/common/network/NetworkModule$$Lambda$95
instanceKlass org/elasticsearch/common/CheckedFunction
instanceKlass org/elasticsearch/common/network/NetworkModule$$Lambda$94
instanceKlass org/elasticsearch/common/io/stream/Writeable$Reader
instanceKlass java/lang/invoke/LambdaForm$DMH
instanceKlass org/elasticsearch/cluster/routing/allocation/command/CancelAllocationCommand
instanceKlass org/elasticsearch/cluster/routing/allocation/command/AllocationCommand
instanceKlass org/elasticsearch/common/io/stream/NamedWriteable
instanceKlass org/elasticsearch/transport/TransportInterceptor
instanceKlass org/elasticsearch/common/network/NetworkModule
instanceKlass java/util/stream/SortedOps
instanceKlass org/elasticsearch/plugins/PluginsService$$Lambda$93
instanceKlass org/elasticsearch/action/admin/cluster/node/info/PluginsAndModules$$Lambda$92
instanceKlass org/elasticsearch/action/admin/cluster/node/info/PluginsAndModules$$Lambda$91
instanceKlass java/util/stream/Sink$ChainedReference
instanceKlass java/util/stream/ReduceOps$Box
instanceKlass java/util/stream/ReduceOps$AccumulatingSink
instanceKlass java/util/stream/TerminalSink
instanceKlass java/util/stream/ReduceOps$ReduceOp
instanceKlass java/util/stream/ReduceOps
instanceKlass java/util/stream/Collectors$$Lambda$90
instanceKlass java/util/stream/Collectors$$Lambda$89
instanceKlass java/util/function/BinaryOperator
instanceKlass java/util/stream/Collectors$$Lambda$88
instanceKlass java/util/function/BiConsumer
instanceKlass java/lang/invoke/LambdaForm$DMH
instanceKlass java/util/stream/Collectors$$Lambda$87
instanceKlass java/util/stream/Collectors$CollectorImpl
instanceKlass java/util/stream/Collectors
instanceKlass java/util/ArrayList$ArrayListSpliterator
instanceKlass org/elasticsearch/action/admin/cluster/node/info/PluginsAndModules
instanceKlass org/elasticsearch/script/ScriptEngineService
instanceKlass io/netty/util/internal/logging/InternalLogger
instanceKlass io/netty/buffer/ByteBuf
instanceKlass io/netty/util/ReferenceCounted
instanceKlass io/netty/util/internal/logging/InternalLoggerFactory
instanceKlass org/elasticsearch/transport/netty4/Netty4Utils
instanceKlass org/elasticsearch/common/collect/Tuple
instanceKlass org/elasticsearch/plugins/PluginInfo
instanceKlass org/elasticsearch/transport/netty3/Netty3Utils$2
instanceKlass org/jboss/netty/util/ThreadNameDeterminer$2
instanceKlass org/jboss/netty/util/ThreadNameDeterminer$1
instanceKlass org/jboss/netty/util/ThreadRenamingRunnable
instanceKlass org/jboss/netty/logging/InternalLoggerFactory$1
instanceKlass org/jboss/netty/logging/AbstractInternalLogger
instanceKlass org/jboss/netty/util/internal/SystemPropertyUtil
instanceKlass org/jboss/netty/util/DebugUtil
instanceKlass org/jboss/netty/util/internal/StackTraceSimplifier
instanceKlass org/jboss/netty/logging/InternalLogger
instanceKlass org/elasticsearch/transport/netty3/Netty3Utils$EsThreadNameDeterminer
instanceKlass org/jboss/netty/util/ThreadNameDeterminer
instanceKlass org/jboss/netty/logging/InternalLoggerFactory
instanceKlass org/elasticsearch/transport/netty3/Netty3Utils
instanceKlass org/elasticsearch/http/HttpServerTransport
instanceKlass org/elasticsearch/client/Client$$Lambda$86
instanceKlass org/elasticsearch/common/xcontent/json/JsonXContentParser$1
instanceKlass org/apache/logging/log4j/util/ReflectionUtil
instanceKlass org/apache/logging/log4j/core/util/NameUtil
instanceKlass org/apache/logging/log4j/core/Logger$PrivateConfig
instanceKlass org/apache/logging/log4j/util/Supplier
instanceKlass org/apache/logging/log4j/core/util/DefaultShutdownCallbackRegistry$RegisteredCancellable
instanceKlass org/apache/logging/log4j/core/LoggerContext$1
instanceKlass org/apache/logging/log4j/core/impl/Log4jLogEvent
instanceKlass org/apache/logging/log4j/core/jmx/AppenderAdmin
instanceKlass org/apache/logging/log4j/core/jmx/AppenderAdminMBean
instanceKlass org/apache/logging/log4j/core/jmx/ContextSelectorAdmin
instanceKlass org/apache/logging/log4j/core/jmx/ContextSelectorAdminMBean
instanceKlass org/apache/logging/log4j/core/jmx/StatusLoggerAdminMBean
instanceKlass org/apache/logging/log4j/status/StatusListener
instanceKlass javax/management/NotificationFilter
instanceKlass javax/management/NotificationListener
instanceKlass java/beans/PropertyChangeListener
instanceKlass java/util/EventListener
instanceKlass org/apache/logging/log4j/core/jmx/LoggerContextAdminMBean
instanceKlass com/sun/jmx/mbeanserver/Repository$ObjectNamePattern
instanceKlass sun/management/ExtendedPlatformComponent
instanceKlass sun/management/DiagnosticCommandImpl$Wrapper
instanceKlass sun/management/DiagnosticCommandArgumentInfo
instanceKlass sun/management/DiagnosticCommandInfo
instanceKlass sun/management/DiagnosticCommandImpl$OperationInfoComparator
instanceKlass java/lang/management/ManagementFactory$3
instanceKlass com/sun/management/DiagnosticCommandMBean
instanceKlass com/sun/management/UnixOperatingSystemMXBean
instanceKlass sun/nio/ch/FileChannelImpl$1
instanceKlass java/nio/file/attribute/FileAttribute
instanceKlass java/nio/channels/SeekableByteChannel
instanceKlass sun/management/ManagementFactoryHelper$1
instanceKlass java/nio/Bits$1$1
instanceKlass sun/misc/JavaNioAccess$BufferPool
instanceKlass java/lang/management/BufferPoolMXBean
instanceKlass javax/management/MBeanInfo$ArrayGettersSafeAction
instanceKlass javax/management/openmbean/OpenMBeanOperationInfo
instanceKlass sun/management/ManagementFactoryHelper$PlatformLoggingImpl
instanceKlass sun/management/ManagementFactoryHelper$LoggingMXBean
instanceKlass java/util/logging/LoggingMXBean
instanceKlass java/lang/management/PlatformLoggingMXBean
instanceKlass java/lang/management/LockInfo
instanceKlass java/lang/management/ThreadInfo
instanceKlass sun/reflect/generics/tree/TypeVariableSignature
instanceKlass sun/management/BaseOperatingSystemImpl
instanceKlass com/sun/management/OperatingSystemMXBean
instanceKlass javax/management/DescriptorKey
instanceKlass sun/reflect/generics/reflectiveObjects/LazyReflectiveObjectGenerator
instanceKlass java/lang/reflect/TypeVariable
instanceKlass sun/reflect/generics/tree/ClassSignature
instanceKlass sun/reflect/generics/reflectiveObjects/ParameterizedTypeImpl
instanceKlass java/lang/reflect/ParameterizedType
instanceKlass sun/reflect/generics/tree/MethodTypeSignature
instanceKlass sun/reflect/generics/tree/Signature
instanceKlass sun/reflect/generics/tree/FormalTypeParameter
instanceKlass com/sun/management/GcInfo
instanceKlass javax/management/openmbean/CompositeDataView
instanceKlass jdk/Exported
instanceKlass com/sun/jmx/mbeanserver/PerInterface$MethodAndSig
instanceKlass sun/management/CompilationImpl
instanceKlass sun/management/VMManagementImpl$1
instanceKlass com/sun/jmx/mbeanserver/WeakIdentityHashMap
instanceKlass com/sun/jmx/mbeanserver/MXBeanLookup
instanceKlass com/sun/jmx/mbeanserver/PerInterface$InitMaps
instanceKlass com/sun/jmx/mbeanserver/PerInterface
instanceKlass javax/management/openmbean/OpenMBeanAttributeInfo
instanceKlass javax/management/openmbean/OpenMBeanParameterInfo
instanceKlass com/sun/jmx/mbeanserver/MBeanIntrospector$MBeanInfoMaker
instanceKlass com/sun/jmx/mbeanserver/MBeanAnalyzer$MBeanVisitor
instanceKlass com/sun/jmx/mbeanserver/MBeanAnalyzer$AttrMethods
instanceKlass com/sun/jmx/mbeanserver/MXBeanMapping
instanceKlass javax/management/openmbean/TabularData
instanceKlass javax/management/openmbean/OpenType
instanceKlass com/sun/jmx/mbeanserver/MXBeanMappingFactory
instanceKlass com/sun/jmx/mbeanserver/ConvertingMethod
instanceKlass com/sun/jmx/mbeanserver/MBeanAnalyzer$MethodOrder
instanceKlass com/sun/jmx/mbeanserver/MBeanAnalyzer
instanceKlass com/sun/jmx/mbeanserver/MBeanIntrospector
instanceKlass javax/management/MXBean
instanceKlass com/sun/jmx/mbeanserver/MBeanSupport
instanceKlass com/sun/jmx/mbeanserver/DescriptorCache
instanceKlass javax/management/JMX
instanceKlass javax/management/StandardMBean
instanceKlass java/lang/management/ManagementFactory$2
instanceKlass sun/management/ClassLoadingImpl
instanceKlass com/sun/jmx/mbeanserver/JmxMBeanServer$3
instanceKlass javax/management/ObjectInstance
instanceKlass com/sun/jmx/mbeanserver/NamedObject
instanceKlass com/sun/jmx/interceptor/DefaultMBeanServerInterceptor$ResourceContext$1
instanceKlass com/sun/jmx/interceptor/DefaultMBeanServerInterceptor$ResourceContext
instanceKlass com/sun/jmx/mbeanserver/Repository$RegistrationContext
instanceKlass com/sun/jmx/mbeanserver/DynamicMBean2
instanceKlass com/sun/jmx/defaults/JmxProperties
instanceKlass com/sun/jmx/mbeanserver/Introspector
instanceKlass com/sun/jmx/mbeanserver/JmxMBeanServer$2
instanceKlass com/sun/jmx/interceptor/DefaultMBeanServerInterceptor
instanceKlass com/sun/jmx/interceptor/MBeanServerInterceptor
instanceKlass com/sun/jmx/mbeanserver/Repository
instanceKlass com/sun/jmx/mbeanserver/JmxMBeanServer$1
instanceKlass com/sun/jmx/mbeanserver/SecureClassLoaderRepository
instanceKlass com/sun/jmx/mbeanserver/MBeanInstantiator
instanceKlass com/sun/jmx/mbeanserver/ClassLoaderRepositorySupport$LoaderEntry
instanceKlass com/sun/jmx/mbeanserver/ClassLoaderRepositorySupport
instanceKlass com/sun/jmx/mbeanserver/ModifiableClassLoaderRepository
instanceKlass javax/management/loading/ClassLoaderRepository
instanceKlass javax/management/ImmutableDescriptor
instanceKlass javax/management/Descriptor
instanceKlass com/sun/jmx/remote/util/ClassLogger
instanceKlass javax/management/NotificationBroadcasterSupport$1
instanceKlass javax/management/NotificationBroadcasterSupport
instanceKlass java/util/ComparableTimSort
instanceKlass javax/management/ObjectName$Property
instanceKlass javax/management/ObjectName
instanceKlass javax/management/QueryExp
instanceKlass com/sun/jmx/mbeanserver/Util
instanceKlass javax/management/MBeanInfo
instanceKlass javax/management/MBeanFeatureInfo
instanceKlass javax/management/DescriptorRead
instanceKlass javax/management/MBeanServerDelegate
instanceKlass javax/management/MBeanServerDelegateMBean
instanceKlass javax/management/MBeanRegistration
instanceKlass javax/management/DynamicMBean
instanceKlass com/sun/jmx/mbeanserver/JmxMBeanServer
instanceKlass com/sun/jmx/mbeanserver/SunJmxMBeanServer
instanceKlass javax/management/MBeanServerBuilder
instanceKlass com/sun/jmx/mbeanserver/GetPropertyAction
instanceKlass javax/management/MBeanServerFactory
instanceKlass org/apache/logging/log4j/core/util/Log4jThreadFactory
instanceKlass org/apache/logging/log4j/core/jmx/Server
instanceKlass java/util/EventObject
instanceKlass javax/script/ScriptEngine
instanceKlass jdk/nashorn/api/scripting/NashornScriptEngineFactory
instanceKlass javax/script/ScriptEngineFactory
instanceKlass javax/script/ScriptEngineManager$1
instanceKlass javax/script/SimpleBindings
instanceKlass javax/script/Bindings
instanceKlass javax/script/ScriptEngineManager
instanceKlass org/apache/logging/log4j/core/script/ScriptManager
instanceKlass org/apache/logging/log4j/core/util/FileWatcher
instanceKlass org/apache/logging/log4j/core/util/NetUtils
instanceKlass org/apache/logging/log4j/message/ReusableParameterizedMessage
instanceKlass org/apache/logging/log4j/message/ReusableMessage
instanceKlass org/apache/logging/log4j/status/StatusData
instanceKlass org/apache/logging/log4j/message/SimpleMessage
instanceKlass org/apache/logging/log4j/core/util/ReflectionUtil
instanceKlass org/apache/logging/log4j/core/config/Order
instanceKlass org/apache/logging/log4j/core/config/OrderComparator
instanceKlass org/apache/logging/log4j/core/config/builder/api/ConfigurationBuilder
instanceKlass org/apache/logging/log4j/core/appender/DefaultErrorHandler
instanceKlass org/apache/logging/log4j/core/appender/AbstractManager
instanceKlass org/apache/logging/log4j/core/appender/ConsoleAppender$FactoryData
instanceKlass org/apache/logging/log4j/core/appender/ConsoleAppender$ConsoleManagerFactory
instanceKlass org/apache/logging/log4j/core/appender/ManagerFactory
instanceKlass org/apache/logging/log4j/core/layout/ByteBufferDestination
instanceKlass org/apache/logging/log4j/core/ErrorHandler
instanceKlass org/apache/logging/log4j/core/layout/PatternLayout$PatternSerializer
instanceKlass org/apache/logging/log4j/core/layout/AbstractStringLayout$Serializer2
instanceKlass org/apache/logging/log4j/core/pattern/PlainTextRenderer
instanceKlass org/apache/logging/log4j/core/impl/ThrowableFormatOptions
instanceKlass org/apache/logging/log4j/core/pattern/PatternFormatter
instanceKlass org/apache/logging/log4j/core/pattern/TextRenderer
instanceKlass org/apache/logging/log4j/core/pattern/NameAbbreviator
instanceKlass org/apache/logging/log4j/core/util/OptionConverter
instanceKlass sun/util/calendar/CalendarUtils
instanceKlass sun/util/calendar/CalendarDate
instanceKlass sun/util/locale/provider/CalendarDataUtility$CalendarWeekParameterGetter
instanceKlass sun/util/locale/provider/CalendarDataUtility
instanceKlass java/util/Calendar$Builder
instanceKlass java/util/Calendar
instanceKlass org/apache/logging/log4j/core/pattern/DatePatternConverter$CachedTime
instanceKlass java/util/TimeZone$1
instanceKlass sun/util/calendar/ZoneInfoFile$ZoneOffsetTransitionRule
instanceKlass sun/util/calendar/ZoneInfoFile$1
instanceKlass sun/util/calendar/ZoneInfoFile
instanceKlass sun/util/calendar/CalendarSystem
instanceKlass org/apache/logging/log4j/core/util/datetime/FixedDateFormat
instanceKlass org/apache/logging/log4j/core/pattern/DatePatternConverter$Formatter
instanceKlass org/apache/logging/log4j/core/pattern/PatternParser$1
instanceKlass org/apache/logging/log4j/core/pattern/FormattingInfo
instanceKlass org/apache/logging/log4j/core/config/plugins/Plugin
instanceKlass org/apache/logging/log4j/core/pattern/ConverterKeys
instanceKlass java/util/concurrent/ConcurrentHashMap$Traverser
instanceKlass java/text/DigitList$1
instanceKlass java/text/DontCareFieldPosition$1
instanceKlass java/text/Format$FieldDelegate
instanceKlass org/apache/logging/log4j/core/config/plugins/convert/TypeConverters$UuidConverter
instanceKlass org/apache/logging/log4j/core/config/plugins/convert/TypeConverters$UrlConverter
instanceKlass org/apache/logging/log4j/core/config/plugins/convert/TypeConverters$UriConverter
instanceKlass org/apache/logging/log4j/core/config/plugins/convert/TypeConverters$StringConverter
instanceKlass org/apache/logging/log4j/core/config/plugins/convert/TypeConverters$ShortConverter
instanceKlass org/apache/logging/log4j/core/config/plugins/convert/TypeConverters$SecurityProviderConverter
instanceKlass org/apache/logging/log4j/core/config/plugins/convert/TypeConverters$PatternConverter
instanceKlass org/apache/logging/log4j/core/config/plugins/convert/TypeConverters$PathConverter
instanceKlass org/apache/logging/log4j/core/config/plugins/convert/TypeConverters$LongConverter
instanceKlass org/apache/logging/log4j/core/config/plugins/convert/TypeConverters$LevelConverter
instanceKlass org/apache/logging/log4j/core/config/plugins/convert/TypeConverters$IntegerConverter
instanceKlass org/apache/logging/log4j/core/config/plugins/convert/TypeConverters$InetAddressConverter
instanceKlass org/apache/logging/log4j/core/config/plugins/convert/TypeConverters$FloatConverter
instanceKlass org/apache/logging/log4j/core/config/plugins/convert/TypeConverters$FileConverter
instanceKlass org/apache/logging/log4j/core/config/plugins/convert/TypeConverters$DurationConverter
instanceKlass org/apache/logging/log4j/core/config/plugins/convert/TypeConverters$DoubleConverter
instanceKlass org/apache/logging/log4j/core/config/plugins/convert/TypeConverters$CronExpressionConverter
instanceKlass org/apache/logging/log4j/core/config/plugins/convert/TypeConverters$ClassConverter
instanceKlass org/apache/logging/log4j/core/config/plugins/convert/TypeConverters$CharsetConverter
instanceKlass org/apache/logging/log4j/core/config/plugins/convert/TypeConverters$CharArrayConverter
instanceKlass org/apache/logging/log4j/core/config/plugins/convert/TypeConverters$CharacterConverter
instanceKlass org/apache/logging/log4j/core/config/plugins/convert/TypeConverters$ByteConverter
instanceKlass org/apache/logging/log4j/core/config/plugins/convert/TypeConverters$ByteArrayConverter
instanceKlass org/apache/logging/log4j/core/config/plugins/convert/TypeConverters$BooleanConverter
instanceKlass org/apache/logging/log4j/core/config/plugins/convert/TypeConverters$BigIntegerConverter
instanceKlass org/apache/logging/log4j/core/config/plugins/convert/TypeConverters$BigDecimalConverter
instanceKlass org/apache/logging/log4j/core/config/plugins/convert/TypeConverter
instanceKlass org/apache/logging/log4j/core/pattern/FileDatePatternConverter
instanceKlass org/apache/logging/log4j/core/lookup/StructuredDataLookup
instanceKlass org/apache/logging/log4j/core/config/builder/api/ConfigurationBuilderFactory
instanceKlass org/apache/logging/log4j/core/pattern/AnsiConverter
instanceKlass org/apache/logging/log4j/core/appender/rewrite/MapRewritePolicy
instanceKlass org/apache/logging/log4j/core/appender/rolling/DirectFileRolloverStrategy
instanceKlass org/apache/logging/log4j/core/config/LoggersPlugin
instanceKlass org/apache/logging/log4j/core/net/SocketOptions
instanceKlass org/apache/logging/log4j/core/appender/FailoversPlugin
instanceKlass org/apache/logging/log4j/core/appender/rolling/action/IfFileName
instanceKlass org/apache/logging/log4j/core/config/Property
instanceKlass org/apache/logging/log4j/core/appender/AppenderSet
instanceKlass org/apache/logging/log4j/core/async/JCToolsBlockingQueueFactory
instanceKlass org/apache/logging/log4j/core/script/AbstractScript
instanceKlass org/apache/logging/log4j/core/appender/rewrite/PropertiesRewritePolicy
instanceKlass org/apache/logging/log4j/core/appender/rolling/action/AbstractAction
instanceKlass org/apache/logging/log4j/core/appender/rolling/action/Action
instanceKlass org/apache/logging/log4j/core/appender/db/jdbc/FactoryMethodConnectionSource
instanceKlass org/apache/logging/log4j/core/layout/ScriptPatternSelector
instanceKlass org/apache/logging/log4j/core/pattern/RegexReplacement
instanceKlass org/apache/logging/log4j/core/appender/rolling/action/ScriptCondition
instanceKlass org/apache/logging/log4j/core/appender/rolling/action/PathSortByModificationTime
instanceKlass org/apache/logging/log4j/core/appender/rolling/action/PathSorter
instanceKlass org/apache/logging/log4j/core/appender/rolling/action/IfAll
instanceKlass org/apache/logging/log4j/core/appender/rewrite/LoggerNameLevelRewritePolicy
instanceKlass org/apache/logging/log4j/core/appender/rewrite/RewritePolicy
instanceKlass org/apache/logging/log4j/core/config/AppendersPlugin
instanceKlass org/apache/logging/log4j/core/layout/LoggerFields
instanceKlass org/apache/logging/log4j/core/appender/routing/Route
instanceKlass org/apache/logging/log4j/core/net/ssl/StoreConfiguration
instanceKlass org/apache/logging/log4j/core/appender/routing/PurgePolicy
instanceKlass org/apache/logging/log4j/core/async/LinkedTransferQueueFactory
instanceKlass org/apache/logging/log4j/core/appender/rolling/action/IfLastModified
instanceKlass org/apache/logging/log4j/core/appender/rolling/action/IfAccumulatedFileSize
instanceKlass org/apache/logging/log4j/core/config/AppenderRef
instanceKlass org/apache/logging/log4j/core/config/CustomLevels
instanceKlass org/apache/logging/log4j/core/appender/db/jdbc/DataSourceConnectionSource
instanceKlass org/apache/logging/log4j/core/appender/db/jdbc/ConnectionSource
instanceKlass org/apache/logging/log4j/core/async/DisruptorBlockingQueueFactory
instanceKlass org/apache/logging/log4j/core/layout/PatternMatch
instanceKlass org/apache/logging/log4j/core/appender/rolling/action/IfNot
instanceKlass org/apache/logging/log4j/core/appender/db/jdbc/ColumnConfig
instanceKlass org/apache/logging/log4j/core/net/SocketAddress
instanceKlass org/apache/logging/log4j/core/net/ssl/SslConfiguration
instanceKlass org/apache/logging/log4j/core/config/ScriptsPlugin
instanceKlass org/apache/logging/log4j/core/util/KeyValuePair
instanceKlass org/apache/logging/log4j/core/layout/MarkerPatternSelector
instanceKlass org/apache/logging/log4j/core/layout/PatternSelector
instanceKlass org/apache/logging/log4j/core/config/PropertiesPlugin
instanceKlass org/apache/logging/log4j/core/async/ArrayBlockingQueueFactory
instanceKlass org/apache/logging/log4j/core/async/BlockingQueueFactory
instanceKlass org/apache/logging/log4j/core/appender/rolling/AbstractRolloverStrategy
instanceKlass org/apache/logging/log4j/core/appender/rolling/RolloverStrategy
instanceKlass org/apache/logging/log4j/core/appender/rolling/action/IfAny
instanceKlass org/apache/logging/log4j/core/net/MulticastDnsAdvertiser
instanceKlass org/apache/logging/log4j/core/appender/db/ColumnMapping
instanceKlass org/apache/logging/log4j/core/net/SocketPerformancePreferences
instanceKlass org/apache/logging/log4j/core/appender/routing/Routes
instanceKlass org/apache/logging/log4j/core/appender/rolling/TriggeringPolicy
instanceKlass org/apache/logging/log4j/core/config/CustomLevelConfig
instanceKlass org/apache/logging/log4j/core/config/plugins/util/PluginType
instanceKlass org/apache/logging/log4j/core/appender/rolling/action/IfAccumulatedFileCount
